2026-06-04 14:50:36,390 - INFO - 正在爬取第1条数据....... - parse:25 parse_html
2026-06-04 14:50:36,391 - INFO - 正在爬取第2条数据....... - parse:25 parse_html
2026-06-04 14:50:36,392 - INFO - 正在爬取第3条数据....... - parse:25 parse_html
2026-06-04 14:50:36,393 - INFO - 正在爬取第4条数据....... - parse:25 parse_html
2026-06-04 14:50:36,394 - INFO - 正在爬取第5条数据....... - parse:25 parse_html
2026-06-04 14:50:36,395 - INFO - 正在爬取第6条数据....... - parse:25 parse_html
2026-06-04 14:50:36,395 - INFO - 正在爬取第7条数据....... - parse:25 parse_html
2026-06-04 14:50:36,396 - INFO - 正在爬取第8条数据....... - parse:25 parse_html
2026-06-04 14:50:36,397 - INFO - 正在爬取第9条数据....... - parse:25 parse_html
2026-06-04 14:50:36,398 - INFO - 正在爬取第10条数据....... - parse:25 parse_html
2026-06-04 14:50:36,399 - INFO - 正在爬取第11条数据....... - parse:25 parse_html
2026-06-04 14:50:36,400 - INFO - 正在爬取第12条数据....... - parse:25 parse_html
2026-06-04 14:50:36,401 - INFO - 正在爬取第13条数据....... - parse:25 parse_html
2026-06-04 14:50:36,401 - INFO - 正在爬取第14条数据....... - parse:25 parse_html
2026-06-04 14:50:36,402 - INFO - 正在爬取第15条数据....... - parse:25 parse_html
2026-06-04 14:50:36,403 - INFO - 正在爬取第16条数据....... - parse:25 parse_html
2026-06-04 14:50:36,404 - INFO - 正在爬取第17条数据....... - parse:25 parse_html
2026-06-04 14:50:36,404 - INFO - 正在爬取第18条数据....... - parse:25 parse_html
2026-06-04 14:50:36,405 - INFO - 正在爬取第19条数据....... - parse:25 parse_html
2026-06-04 14:50:36,406 - INFO - 正在爬取第20条数据....... - parse:25 parse_html
2026-06-04 14:50:36,407 - INFO - 正在爬取第21条数据....... - parse:25 parse_html
2026-06-04 14:50:36,408 - INFO - 正在爬取第22条数据....... - parse:25 parse_html
2026-06-04 14:50:36,409 - INFO - 正在爬取第23条数据....... - parse:25 parse_html
2026-06-04 14:50:36,410 - INFO - 正在爬取第24条数据....... - parse:25 parse_html
2026-06-04 14:50:36,411 - INFO - 正在爬取第25条数据....... - parse:25 parse_html
2026-06-04 14:50:36,412 - INFO - 正在爬取第26条数据....... - parse:25 parse_html
2026-06-04 14:50:36,413 - INFO - 正在爬取第27条数据....... - parse:25 parse_html
2026-06-04 14:50:36,414 - INFO - 正在爬取第28条数据....... - parse:25 parse_html
2026-06-04 14:50:36,414 - INFO - 正在爬取第29条数据....... - parse:25 parse_html
2026-06-04 14:50:36,415 - INFO - 正在爬取第30条数据....... - parse:25 parse_html
2026-06-04 14:50:36,415 - INFO - 解析成功,总共提取到30条数据 - parse:98 parse_html
2026-06-04 14:50:36,424 - INFO - 下一页的网址是https://dg.lianjia.com/ershoufang/pg2 - main:41 main
2026-06-04 14:50:36,425 - INFO - 开始爬取https://dg.lianjia.com/ershoufang/pg2 - main:21 main
2026-06-04 14:50:37,616 - INFO - 正在访问:https://dg.lianjia.com/ershoufang/pg2 - request_handler:39 fetch_page
2026-06-04 14:50:49,996 - INFO - 正在爬取第1条数据....... - parse:25 parse_html
2026-06-04 14:50:49,997 - INFO - 正在爬取第2条数据....... - parse:25 parse_html
2026-06-04 14:50:49,998 - INFO - 正在爬取第3条数据....... - parse:25 parse_html
2026-06-04 14:50:49,999 - INFO - 正在爬取第4条数据....... - parse:25 parse_html
2026-06-04 14:50:50,000 - INFO - 正在爬取第5条数据....... - parse:25 parse_html
2026-06-04 14:50:50,001 - INFO - 正在爬取第6条数据....... - parse:25 parse_html
2026-06-04 14:50:50,002 - INFO - 正在爬取第7条数据....... - parse:25 parse_html
2026-06-04 14:50:50,003 - INFO - 正在爬取第8条数据....... - parse:25 parse_html
2026-06-04 14:50:50,004 - INFO - 正在爬取第9条数据....... - parse:25 parse_html
2026-06-04 14:50:50,004 - INFO - 正在爬取第10条数据....... - parse:25 parse_html
2026-06-04 14:50:50,005 - INFO - 正在爬取第11条数据....... - parse:25 parse_html
2026-06-04 14:50:50,006 - INFO - 正在爬取第12条数据....... - parse:25 parse_html
2026-06-04 14:50:50,007 - INFO - 正在爬取第13条数据....... - parse:25 parse_html
2026-06-04 14:50:50,008 - INFO - 正在爬取第14条数据....... - parse:25 parse_html
2026-06-04 14:50:50,008 - INFO - 正在爬取第15条数据....... - parse:25 parse_html
2026-06-04 14:50:50,009 - INFO - 正在爬取第16条数据....... - parse:25 parse_html
2026-06-04 14:50:50,010 - INFO - 正在爬取第17条数据....... - parse:25 parse_html
2026-06-04 14:50:50,011 - INFO - 正在爬取第18条数据....... - parse:25 parse_html
2026-06-04 14:50:50,012 - INFO - 正在爬取第19条数据....... - parse:25 parse_html
2026-06-04 14:50:50,012 - INFO - 正在爬取第20条数据....... - parse:25 parse_html
2026-06-04 14:50:50,013 - INFO - 正在爬取第21条数据....... - parse:25 parse_html
2026-06-04 14:50:50,013 - INFO - 正在爬取第22条数据....... - parse:25 parse_html
2026-06-04 14:50:50,014 - INFO - 正在爬取第23条数据....... - parse:25 parse_html
2026-06-04 14:50:50,016 - INFO - 正在爬取第24条数据....... - parse:25 parse_html
2026-06-04 14:50:50,017 - INFO - 正在爬取第25条数据....... - parse:25 parse_html
2026-06-04 14:50:50,019 - INFO - 正在爬取第26条数据....... - parse:25 parse_html
2026-06-04 14:50:50,020 - INFO - 正在爬取第27条数据....... - parse:25 parse_html
2026-06-04 14:50:50,021 - INFO - 正在爬取第28条数据....... - parse:25 parse_html
2026-06-04 14:50:50,021 - INFO - 正在爬取第29条数据....... - parse:25 parse_html
2026-06-04 14:50:50,022 - INFO - 正在爬取第30条数据....... - parse:25 parse_html
2026-06-04 14:50:50,024 - INFO - 解析成功,总共提取到60条数据 - parse:98 parse_html
2026-06-04 14:50:50,046 - INFO - 已经没有下一页了,即将结束爬虫 - main:36 main
2026-06-04 14:50:50,537 - INFO - 成功爬取到60条数据) - mysql_handler:57 save_houses
2026-06-04 14:50:50,934 - INFO - 成功导出EXCEL,存放地址为:c:\Users\36088\Desktop\code\我的项目合集\python爬虫\python_script_projects\链家二手房数据采集项目\output\result_2026-06-04.xlsx - mysql_handler:64 save_to_excel
2026-06-04 14:50:51,488 - INFO - 浏览器已关闭! - request_handler:83 close_browser
2026-06-04 14:50:51,489 - INFO - 数据库连接关闭 - main:56 main
2026-06-04 14:50:53,205 - INFO - 数据库初始化成功 - mysql_handler:31 init_db
2026-06-04 14:50:54,028 - INFO - 浏览器启动成功! - request_handler:31 init_browser
2026-06-04 14:50:54,028 - INFO - 开始爬取https://dg.lianjia.com/ershoufang/pg1 - main:21 main
2026-06-04 14:50:55,459 - INFO - 正在访问:https://dg.lianjia.com/ershoufang/pg1 - request_handler:39 fetch_page
2026-06-04 14:51:12,760 - INFO - 正在爬取第1条数据....... - parse:25 parse_html
2026-06-04 14:51:12,761 - INFO - 正在爬取第2条数据....... - parse:25 parse_html
2026-06-04 14:51:12,762 - INFO - 正在爬取第3条数据....... - parse:25 parse_html
2026-06-04 14:51:12,762 - INFO - 正在爬取第4条数据....... - parse:25 parse_html
2026-06-04 14:51:12,763 - INFO - 正在爬取第5条数据....... - parse:25 parse_html
2026-06-04 14:51:12,763 - INFO - 正在爬取第6条数据....... - parse:25 parse_html
2026-06-04 14:51:12,764 - INFO - 正在爬取第7条数据....... - parse:25 parse_html
2026-06-04 14:51:12,764 - INFO - 正在爬取第8条数据....... - parse:25 parse_html
2026-06-04 14:51:12,765 - INFO - 正在爬取第9条数据....... - parse:25 parse_html
2026-06-04 14:51:12,765 - INFO - 正在爬取第10条数据....... - parse:25 parse_html
2026-06-04 14:51:12,765 - INFO - 正在爬取第11条数据....... - parse:25 parse_html
2026-06-04 14:51:12,766 - INFO - 正在爬取第12条数据....... - parse:25 parse_html
2026-06-04 14:51:12,766 - INFO - 正在爬取第13条数据....... - parse:25 parse_html
2026-06-04 14:51:12,766 - INFO - 正在爬取第14条数据....... - parse:25 parse_html
2026-06-04 14:51:12,767 - INFO - 正在爬取第15条数据....... - parse:25 parse_html
2026-06-04 14:51:12,767 - INFO - 正在爬取第16条数据....... - parse:25 parse_html
2026-06-04 14:51:12,768 - INFO - 正在爬取第17条数据....... - parse:25 parse_html
2026-06-04 14:51:12,769 - INFO - 正在爬取第18条数据....... - parse:25 parse_html
2026-06-04 14:51:12,769 - INFO - 正在爬取第19条数据....... - parse:25 parse_html
2026-06-04 14:51:12,770 - INFO - 正在爬取第20条数据....... - parse:25 parse_html
2026-06-04 14:51:12,770 - INFO - 正在爬取第21条数据....... - parse:25 parse_html
2026-06-04 14:51:12,771 - INFO - 正在爬取第22条数据....... - parse:25 parse_html
2026-06-04 14:51:12,771 - INFO - 正在爬取第23条数据....... - parse:25 parse_html
2026-06-04 14:51:12,771 - INFO - 正在爬取第24条数据....... - parse:25 parse_html
2026-06-04 14:51:12,771 - INFO - 正在爬取第25条数据....... - parse:25 parse_html
2026-06-04 14:51:12,772 - INFO - 正在爬取第26条数据....... - parse:25 parse_html
2026-06-04 14:51:12,772 - INFO - 正在爬取第27条数据....... - parse:25 parse_html
2026-06-04 14:51:12,772 - INFO - 正在爬取第28条数据....... - parse:25 parse_html
2026-06-04 14:51:12,773 - INFO - 正在爬取第29条数据....... - parse:25 parse_html
2026-06-04 14:51:12,773 - INFO - 正在爬取第30条数据....... - parse:25 parse_html
2026-06-04 14:51:12,774 - INFO - 解析成功,总共提取到30条数据 - parse:98 parse_html
2026-06-04 14:51:12,782 - INFO - 下一页的网址是https://dg.lianjia.com/ershoufang/pg2 - main:41 main
2026-06-04 14:51:12,782 - INFO - 开始爬取https://dg.lianjia.com/ershoufang/pg2 - main:21 main
2026-06-04 14:51:14,250 - INFO - 正在访问:https://dg.lianjia.com/ershoufang/pg2 - request_handler:39 fetch_page
2026-06-04 14:52:00,006 - INFO - 数据库初始化成功 - mysql_handler:31 init_db
2026-06-04 14:52:07,800 - INFO - 浏览器启动成功! - request_handler:31 init_browser
2026-06-04 14:52:07,801 - INFO - 开始爬取https://dg.lianjia.com/ershoufang/pg1 - main:21 main
2026-06-04 14:52:09,838 - INFO - 正在访问:https://dg.lianjia.com/ershoufang/pg1 - request_handler:39 fetch_page
2026-06-04 14:52:28,662 - INFO - 正在爬取第1条数据....... - parse:25 parse_html
2026-06-04 14:52:28,664 - INFO - 正在爬取第2条数据....... - parse:25 parse_html
2026-06-04 14:52:28,666 - INFO - 正在爬取第3条数据....... - parse:25 parse_html
2026-06-04 14:52:28,667 - INFO - 正在爬取第4条数据....... - parse:25 parse_html
2026-06-04 14:52:28,668 - INFO - 正在爬取第5条数据....... - parse:25 parse_html
2026-06-04 14:52:28,669 - INFO - 正在爬取第6条数据....... - parse:25 parse_html
2026-06-04 14:52:28,670 - INFO - 正在爬取第7条数据....... - parse:25 parse_html
2026-06-04 14:52:28,671 - INFO - 正在爬取第8条数据....... - parse:25 parse_html
2026-06-04 14:52:28,672 - INFO - 正在爬取第9条数据....... - parse:25 parse_html
2026-06-04 14:52:28,673 - INFO - 正在爬取第10条数据....... - parse:25 parse_html
2026-06-04 14:52:28,674 - INFO - 正在爬取第11条数据....... - parse:25 parse_html
2026-06-04 14:52:28,676 - INFO - 正在爬取第12条数据....... - parse:25 parse_html
2026-06-04 14:52:28,676 - INFO - 正在爬取第13条数据....... - parse:25 parse_html
2026-06-04 14:52:28,677 - INFO - 正在爬取第14条数据....... - parse:25 parse_html
2026-06-04 14:52:28,679 - INFO - 正在爬取第15条数据....... - parse:25 parse_html
2026-06-04 14:52:28,680 - INFO - 正在爬取第16条数据....... - parse:25 parse_html
2026-06-04 14:52:28,681 - INFO - 正在爬取第17条数据....... - parse:25 parse_html
2026-06-04 14:52:28,681 - INFO - 正在爬取第18条数据....... - parse:25 parse_html
2026-06-04 14:52:28,682 - INFO - 正在爬取第19条数据....... - parse:25 parse_html
2026-06-04 14:52:28,683 - INFO - 正在爬取第20条数据....... - parse:25 parse_html
2026-06-04 14:52:28,684 - INFO - 正在爬取第21条数据....... - parse:25 parse_html
2026-06-04 14:52:28,684 - INFO - 正在爬取第22条数据....... - parse:25 parse_html
2026-06-04 14:52:28,685 - INFO - 正在爬取第23条数据....... - parse:25 parse_html
2026-06-04 14:52:28,686 - INFO - 正在爬取第24条数据....... - parse:25 parse_html
2026-06-04 14:52:28,687 - INFO - 正在爬取第25条数据....... - parse:25 parse_html
2026-06-04 14:52:28,688 - INFO - 正在爬取第26条数据....... - parse:25 parse_html
2026-06-04 14:52:28,688 - INFO - 正在爬取第27条数据....... - parse:25 parse_html
2026-06-04 14:52:28,689 - INFO - 正在爬取第28条数据....... - parse:25 parse_html
2026-06-04 14:52:28,690 - INFO - 正在爬取第29条数据....... - parse:25 parse_html
2026-06-04 14:52:28,691 - INFO - 正在爬取第30条数据....... - parse:25 parse_html
2026-06-04 14:52:28,692 - INFO - 解析成功,总共提取到30条数据 - parse:98 parse_html
2026-06-04 14:52:28,705 - INFO - 下一页的网址是https://dg.lianjia.com/ershoufang/pg2 - main:41 main
2026-06-04 14:52:28,706 - INFO - 开始爬取https://dg.lianjia.com/ershoufang/pg2 - main:21 main
2026-06-04 14:52:30,797 - INFO - 正在访问:https://dg.lianjia.com/ershoufang/pg2 - request_handler:39 fetch_page
2026-06-04 14:52:44,385 - WARNING - ⚠ 请手动完成人机验证,完成后程序自动继续! - request_handler:56 fetch_page
2026-06-04 14:52:52,411 - INFO - 验证通过 - request_handler:59 fetch_page
2026-06-04 14:52:52,505 - INFO - 正在爬取第1条数据....... - parse:25 parse_html
2026-06-04 14:52:52,506 - INFO - 正在爬取第2条数据....... - parse:25 parse_html
2026-06-04 14:52:52,507 - INFO - 正在爬取第3条数据....... - parse:25 parse_html
2026-06-04 14:52:52,508 - INFO - 正在爬取第4条数据....... - parse:25 parse_html
2026-06-04 14:52:52,509 - INFO - 正在爬取第5条数据....... - parse:25 parse_html
2026-06-04 14:52:52,511 - INFO - 正在爬取第6条数据....... - parse:25 parse_html
2026-06-04 14:52:52,513 - INFO - 正在爬取第7条数据....... - parse:25 parse_html
2026-06-04 14:52:52,514 - INFO - 正在爬取第8条数据....... - parse:25 parse_html
2026-06-04 14:52:52,515 - INFO - 正在爬取第9条数据....... - parse:25 parse_html
2026-06-04 14:52:52,516 - INFO - 正在爬取第10条数据....... - parse:25 parse_html
2026-06-04 14:52:52,517 - INFO - 正在爬取第11条数据....... - parse:25 parse_html
2026-06-04 14:52:52,519 - INFO - 正在爬取第12条数据....... - parse:25 parse_html
2026-06-04 14:52:52,521 - INFO - 正在爬取第13条数据....... - parse:25 parse_html
2026-06-04 14:52:52,523 - INFO - 正在爬取第14条数据....... - parse:25 parse_html
2026-06-04 14:52:52,525 - INFO - 正在爬取第15条数据....... - parse:25 parse_html
2026-06-04 14:52:52,526 - INFO - 正在爬取第16条数据....... - parse:25 parse_html
2026-06-04 14:52:52,528 - INFO - 正在爬取第17条数据....... - parse:25 parse_html
2026-06-04 14:52:52,530 - INFO - 正在爬取第18条数据....... - parse:25 parse_html
2026-06-04 14:52:52,532 - INFO - 正在爬取第19条数据....... - parse:25 parse_html
2026-06-04 14:52:52,533 - INFO - 正在爬取第20条数据....... - parse:25 parse_html
2026-06-04 14:52:52,534 - INFO - 正在爬取第21条数据....... - parse:25 parse_html
2026-06-04 14:52:52,535 - INFO - 正在爬取第22条数据....... - parse:25 parse_html
2026-06-04 14:52:52,537 - INFO - 正在爬取第23条数据....... - parse:25 parse_html
2026-06-04 14:52:52,538 - INFO - 正在爬取第24条数据....... - parse:25 parse_html
2026-06-04 14:52:52,540 - INFO - 正在爬取第25条数据....... - parse:25 parse_html
2026-06-04 14:52:52,543 - INFO - 正在爬取第26条数据....... - parse:25 parse_html
2026-06-04 14:52:52,545 - INFO - 正在爬取第27条数据....... - parse:25 parse_html
2026-06-04 14:52:52,546 - INFO - 正在爬取第28条数据....... - parse:25 parse_html
2026-06-04 14:52:52,547 - INFO - 正在爬取第29条数据....... - parse:25 parse_html
2026-06-04 14:52:52,549 - INFO - 正在爬取第30条数据....... - parse:25 parse_html
2026-06-04 14:52:52,550 - INFO - 解析成功,总共提取到60条数据 - parse:98 parse_html
2026-06-04 14:52:52,566 - INFO - 下一页的网址是https://dg.lianjia.com/ershoufang/pg3 - main:41 main
2026-06-04 14:52:52,567 - INFO - 开始爬取https://dg.lianjia.com/ershoufang/pg3 - main:21 main
2026-06-04 14:52:54,024 - INFO - 正在访问:https://dg.lianjia.com/ershoufang/pg3 - request_handler:39 fetch_page
2026-06-04 14:53:26,841 - INFO - 正在爬取第1条数据....... - parse:25 parse_html
2026-06-04 14:53:26,843 - INFO - 正在爬取第2条数据....... - parse:25 parse_html
2026-06-04 14:53:26,844 - INFO - 正在爬取第3条数据....... - parse:25 parse_html
2026-06-04 14:53:26,846 - INFO - 正在爬取第4条数据....... - parse:25 parse_html
2026-06-04 14:53:26,847 - INFO - 正在爬取第5条数据....... - parse:25 parse_html
2026-06-04 14:53:26,849 - INFO - 正在爬取第6条数据....... - parse:25 parse_html
2026-06-04 14:53:26,851 - INFO - 正在爬取第7条数据....... - parse:25 parse_html
2026-06-04 14:53:26,852 - INFO - 正在爬取第8条数据....... - parse:25 parse_html
2026-06-04 14:53:26,854 - INFO - 正在爬取第9条数据....... - parse:25 parse_html
2026-06-04 14:53:26,855 - INFO - 正在爬取第10条数据....... - parse:25 parse_html
2026-06-04 14:53:26,857 - INFO - 正在爬取第11条数据....... - parse:25 parse_html
2026-06-04 14:53:26,858 - INFO - 正在爬取第12条数据....... - parse:25 parse_html
2026-06-04 14:53:26,860 - INFO - 正在爬取第13条数据....... - parse:25 parse_html
2026-06-04 14:53:26,862 - INFO - 正在爬取第14条数据....... - parse:25 parse_html
2026-06-04 14:53:26,864 - INFO - 正在爬取第15条数据....... - parse:25 parse_html
2026-06-04 14:53:26,865 - INFO - 正在爬取第16条数据....... - parse:25 parse_html
2026-06-04 14:53:26,868 - INFO - 正在爬取第17条数据....... - parse:25 parse_html
2026-06-04 14:53:26,869 - INFO - 正在爬取第18条数据....... - parse:25 parse_html
2026-06-04 14:53:26,872 - INFO - 正在爬取第19条数据....... - parse:25 parse_html
2026-06-04 14:53:26,874 - INFO - 正在爬取第20条数据....... - parse:25 parse_html
2026-06-04 14:53:26,876 - INFO - 正在爬取第21条数据....... - parse:25 parse_html
2026-06-04 14:53:26,877 - INFO - 正在爬取第22条数据....... - parse:25 parse_html
2026-06-04 14:53:26,880 - INFO - 正在爬取第23条数据....... - parse:25 parse_html
2026-06-04 14:53:26,882 - INFO - 正在爬取第24条数据....... - parse:25 parse_html
2026-06-04 14:53:26,884 - INFO - 正在爬取第25条数据....... - parse:25 parse_html
2026-06-04 14:53:26,887 - INFO - 正在爬取第26条数据....... - parse:25 parse_html
2026-06-04 14:53:26,888 - INFO - 正在爬取第27条数据....... - parse:25 parse_html
2026-06-04 14:53:26,891 - INFO - 正在爬取第28条数据....... - parse:25 parse_html
2026-06-04 14:53:26,893 - INFO - 正在爬取第29条数据....... - parse:25 parse_html
2026-06-04 14:53:26,894 - INFO - 正在爬取第30条数据....... - parse:25 parse_html
2026-06-04 14:53:26,896 - INFO - 解析成功,总共提取到90条数据 - parse:98 parse_html
2026-06-04 14:53:26,923 - INFO - 下一页的网址是https://dg.lianjia.com/ershoufang/pg4 - main:41 main
2026-06-04 14:53:26,924 - INFO - 开始爬取https://dg.lianjia.com/ershoufang/pg4 - main:21 main
2026-06-04 14:53:29,050 - INFO - 正在访问:https://dg.lianjia.com/ershoufang/pg4 - request_handler:39 fetch_page
2026-06-04 14:53:47,867 - INFO - 正在爬取第1条数据....... - parse:25 parse_html
2026-06-04 14:53:47,868 - INFO - 正在爬取第2条数据....... - parse:25 parse_html
2026-06-04 14:53:47,869 - INFO - 正在爬取第3条数据....... - parse:25 parse_html
2026-06-04 14:53:47,870 - INFO - 正在爬取第4条数据....... - parse:25 parse_html
2026-06-04 14:53:47,872 - INFO - 正在爬取第5条数据....... - parse:25 parse_html
2026-06-04 14:53:47,874 - INFO - 正在爬取第6条数据....... - parse:25 parse_html
2026-06-04 14:53:47,876 - INFO - 正在爬取第7条数据....... - parse:25 parse_html
2026-06-04 14:53:47,877 - INFO - 正在爬取第8条数据....... - parse:25 parse_html
2026-06-04 14:53:47,878 - INFO - 正在爬取第9条数据....... - parse:25 parse_html
2026-06-04 14:53:47,879 - INFO - 正在爬取第10条数据....... - parse:25 parse_html
2026-06-04 14:53:47,880 - INFO - 正在爬取第11条数据....... - parse:25 parse_html
2026-06-04 14:53:47,881 - INFO - 正在爬取第12条数据....... - parse:25 parse_html
2026-06-04 14:53:47,883 - INFO - 正在爬取第13条数据....... - parse:25 parse_html
2026-06-04 14:53:47,884 - INFO - 正在爬取第14条数据....... - parse:25 parse_html
2026-06-04 14:53:47,885 - INFO - 正在爬取第15条数据....... - parse:25 parse_html
2026-06-04 14:53:47,887 - INFO - 正在爬取第16条数据....... - parse:25 parse_html
2026-06-04 14:53:47,888 - INFO - 正在爬取第17条数据....... - parse:25 parse_html
2026-06-04 14:53:47,893 - INFO - 正在爬取第18条数据....... - parse:25 parse_html
2026-06-04 14:53:47,895 - INFO - 正在爬取第19条数据....... - parse:25 parse_html
2026-06-04 14:53:47,897 - INFO - 正在爬取第20条数据....... - parse:25 parse_html
2026-06-04 14:53:47,899 - INFO - 正在爬取第21条数据....... - parse:25 parse_html
2026-06-04 14:53:47,900 - INFO - 正在爬取第22条数据....... - parse:25 parse_html
2026-06-04 14:53:47,902 - INFO - 正在爬取第23条数据....... - parse:25 parse_html
2026-06-04 14:53:47,904 - INFO - 正在爬取第24条数据....... - parse:25 parse_html
2026-06-04 14:53:47,905 - INFO - 正在爬取第25条数据....... - parse:25 parse_html
2026-06-04 14:53:47,907 - INFO - 正在爬取第26条数据....... - parse:25 parse_html
2026-06-04 14:53:47,909 - INFO - 正在爬取第27条数据....... - parse:25 parse_html
2026-06-04 14:53:47,909 - INFO - 正在爬取第28条数据....... - parse:25 parse_html
2026-06-04 14:53:47,910 - INFO - 正在爬取第29条数据....... - parse:25 parse_html
2026-06-04 14:53:47,911 - INFO - 正在爬取第30条数据....... - parse:25 parse_html
2026-06-04 14:53:47,912 - INFO - 解析成功,总共提取到120条数据 - parse:98 parse_html
2026-06-04 14:53:47,943 - INFO - 下一页的网址是https://dg.lianjia.com/ershoufang/pg5 - main:41 main
2026-06-04 14:53:47,944 - INFO - 开始爬取https://dg.lianjia.com/ershoufang/pg5 - main:21 main
2026-06-04 14:53:50,095 - INFO - 正在访问:https://dg.lianjia.com/ershoufang/pg5 - request_handler:39 fetch_page
2026-06-04 14:54:02,036 - WARNING - ⚠ 请手动完成人机验证,完成后程序自动继续! - request_handler:56 fetch_page
2026-06-04 14:54:05,289 - INFO - 验证通过 - request_handler:59 fetch_page
2026-06-04 14:54:05,346 - INFO - 正在爬取第1条数据....... - parse:25 parse_html
2026-06-04 14:54:05,347 - INFO - 正在爬取第2条数据....... - parse:25 parse_html
2026-06-04 14:54:05,348 - INFO - 正在爬取第3条数据....... - parse:25 parse_html
2026-06-04 14:54:05,349 - INFO - 正在爬取第4条数据....... - parse:25 parse_html
2026-06-04 14:54:05,350 - INFO - 正在爬取第5条数据....... - parse:25 parse_html
2026-06-04 14:54:05,351 - INFO - 正在爬取第6条数据....... - parse:25 parse_html
2026-06-04 14:54:05,352 - INFO - 正在爬取第7条数据....... - parse:25 parse_html
2026-06-04 14:54:05,353 - INFO - 正在爬取第8条数据....... - parse:25 parse_html
2026-06-04 14:54:05,354 - INFO - 正在爬取第9条数据....... - parse:25 parse_html
2026-06-04 14:54:05,355 - INFO - 正在爬取第10条数据....... - parse:25 parse_html
2026-06-04 14:54:05,356 - INFO - 正在爬取第11条数据....... - parse:25 parse_html
2026-06-04 14:54:05,357 - INFO - 正在爬取第12条数据....... - parse:25 parse_html
2026-06-04 14:54:05,358 - INFO - 正在爬取第13条数据....... - parse:25 parse_html
2026-06-04 14:54:05,360 - INFO - 正在爬取第14条数据....... - parse:25 parse_html
2026-06-04 14:54:05,361 - INFO - 正在爬取第15条数据....... - parse:25 parse_html
2026-06-04 14:54:05,362 - INFO - 正在爬取第16条数据....... - parse:25 parse_html
2026-06-04 14:54:05,363 - INFO - 正在爬取第17条数据....... - parse:25 parse_html
2026-06-04 14:54:05,364 - INFO - 正在爬取第18条数据....... - parse:25 parse_html
2026-06-04 14:54:05,365 - INFO - 正在爬取第19条数据....... - parse:25 parse_html
2026-06-04 14:54:05,366 - INFO - 正在爬取第20条数据....... - parse:25 parse_html
2026-06-04 14:54:05,367 - INFO - 正在爬取第21条数据....... - parse:25 parse_html
2026-06-04 14:54:05,369 - INFO - 正在爬取第22条数据....... - parse:25 parse_html
2026-06-04 14:54:05,371 - INFO - 正在爬取第23条数据....... - parse:25 parse_html
2026-06-04 14:54:05,372 - INFO - 正在爬取第24条数据....... - parse:25 parse_html
2026-06-04 14:54:05,373 - INFO - 正在爬取第25条数据....... - parse:25 parse_html
2026-06-04 14:54:05,373 - INFO - 正在爬取第26条数据....... - parse:25 parse_html
2026-06-04 14:54:05,374 - INFO - 正在爬取第27条数据....... - parse:25 parse_html
2026-06-04 14:54:05,376 - INFO - 正在爬取第28条数据....... - parse:25 parse_html
2026-06-04 14:54:05,377 - INFO - 正在爬取第29条数据....... - parse:25 parse_html
2026-06-04 14:54:05,379 - INFO - 正在爬取第30条数据....... - parse:25 parse_html
2026-06-04 14:54:05,380 - INFO - 解析成功,总共提取到150条数据 - parse:98 parse_html
2026-06-04 14:54:05,396 - INFO - 下一页的网址是https://dg.lianjia.com/ershoufang/pg6 - main:41 main
2026-06-04 14:54:05,397 - INFO - 开始爬取https://dg.lianjia.com/ershoufang/pg6 - main:21 main
2026-06-04 14:54:07,526 - INFO - 正在访问:https://dg.lianjia.com/ershoufang/pg6 - request_handler:39 fetch_page
2026-06-04 14:54:20,819 - WARNING - ⚠ 请手动完成人机验证,完成后程序自动继续! - request_handler:61 fetch_page
2026-06-04 14:54:33,055 - INFO - 登录成功！ - request_handler:64 fetch_page
2026-06-04 14:54:33,133 - INFO - 正在爬取第1条数据....... - parse:25 parse_html
2026-06-04 14:54:33,134 - INFO - 正在爬取第2条数据....... - parse:25 parse_html
2026-06-04 14:54:33,135 - INFO - 正在爬取第3条数据....... - parse:25 parse_html
2026-06-04 14:54:33,136 - INFO - 正在爬取第4条数据....... - parse:25 parse_html
2026-06-04 14:54:33,137 - INFO - 正在爬取第5条数据....... - parse:25 parse_html
2026-06-04 14:54:33,138 - INFO - 正在爬取第6条数据....... - parse:25 parse_html
2026-06-04 14:54:33,139 - INFO - 正在爬取第7条数据....... - parse:25 parse_html
2026-06-04 14:54:33,140 - INFO - 正在爬取第8条数据....... - parse:25 parse_html
2026-06-04 14:54:33,140 - INFO - 正在爬取第9条数据....... - parse:25 parse_html
2026-06-04 14:54:33,143 - INFO - 正在爬取第10条数据....... - parse:25 parse_html
2026-06-04 14:54:33,144 - INFO - 正在爬取第11条数据....... - parse:25 parse_html
2026-06-04 14:54:33,147 - INFO - 正在爬取第12条数据....... - parse:25 parse_html
2026-06-04 14:54:33,148 - INFO - 正在爬取第13条数据....... - parse:25 parse_html
2026-06-04 14:54:33,151 - INFO - 正在爬取第14条数据....... - parse:25 parse_html
2026-06-04 14:54:33,152 - INFO - 正在爬取第15条数据....... - parse:25 parse_html
2026-06-04 14:54:33,154 - INFO - 正在爬取第16条数据....... - parse:25 parse_html
2026-06-04 14:54:33,157 - INFO - 正在爬取第17条数据....... - parse:25 parse_html
2026-06-04 14:54:33,160 - INFO - 正在爬取第18条数据....... - parse:25 parse_html
2026-06-04 14:54:33,161 - INFO - 正在爬取第19条数据....... - parse:25 parse_html
2026-06-04 14:54:33,162 - INFO - 正在爬取第20条数据....... - parse:25 parse_html
2026-06-04 14:54:33,164 - INFO - 正在爬取第21条数据....... - parse:25 parse_html
2026-06-04 14:54:33,165 - INFO - 正在爬取第22条数据....... - parse:25 parse_html
2026-06-04 14:54:33,168 - INFO - 正在爬取第23条数据....... - parse:25 parse_html
2026-06-04 14:54:33,170 - INFO - 正在爬取第24条数据....... - parse:25 parse_html
2026-06-04 14:54:33,171 - INFO - 正在爬取第25条数据....... - parse:25 parse_html
2026-06-04 14:54:33,172 - INFO - 正在爬取第26条数据....... - parse:25 parse_html
2026-06-04 14:54:33,173 - INFO - 正在爬取第27条数据....... - parse:25 parse_html
2026-06-04 14:54:33,174 - INFO - 正在爬取第28条数据....... - parse:25 parse_html
2026-06-04 14:54:33,176 - INFO - 正在爬取第29条数据....... - parse:25 parse_html
2026-06-04 14:54:33,178 - INFO - 正在爬取第30条数据....... - parse:25 parse_html
2026-06-04 14:54:33,179 - INFO - 解析成功,总共提取到180条数据 - parse:98 parse_html
2026-06-04 14:54:33,198 - INFO - 下一页的网址是https://dg.lianjia.com/ershoufang/pg7 - main:41 main
2026-06-04 14:54:33,199 - INFO - 开始爬取https://dg.lianjia.com/ershoufang/pg7 - main:21 main
2026-06-04 14:54:35,164 - INFO - 正在访问:https://dg.lianjia.com/ershoufang/pg7 - request_handler:39 fetch_page
2026-06-04 14:54:49,256 - INFO - 正在爬取第1条数据....... - parse:25 parse_html
2026-06-04 14:54:49,258 - INFO - 正在爬取第2条数据....... - parse:25 parse_html
2026-06-04 14:54:49,260 - INFO - 正在爬取第3条数据....... - parse:25 parse_html
2026-06-04 14:54:49,261 - INFO - 正在爬取第4条数据....... - parse:25 parse_html
2026-06-04 14:54:49,263 - INFO - 正在爬取第5条数据....... - parse:25 parse_html
2026-06-04 14:54:49,267 - INFO - 正在爬取第6条数据....... - parse:25 parse_html
2026-06-04 14:54:49,270 - INFO - 正在爬取第7条数据....... - parse:25 parse_html
2026-06-04 14:54:49,273 - INFO - 正在爬取第8条数据....... - parse:25 parse_html
2026-06-04 14:54:49,276 - INFO - 正在爬取第9条数据....... - parse:25 parse_html
2026-06-04 14:54:49,280 - INFO - 正在爬取第10条数据....... - parse:25 parse_html
2026-06-04 14:54:49,283 - INFO - 正在爬取第11条数据....... - parse:25 parse_html
2026-06-04 14:54:49,286 - INFO - 正在爬取第12条数据....... - parse:25 parse_html
2026-06-04 14:54:49,288 - INFO - 正在爬取第13条数据....... - parse:25 parse_html
2026-06-04 14:54:49,291 - INFO - 正在爬取第14条数据....... - parse:25 parse_html
2026-06-04 14:54:49,295 - INFO - 正在爬取第15条数据....... - parse:25 parse_html
2026-06-04 14:54:49,298 - INFO - 正在爬取第16条数据....... - parse:25 parse_html
2026-06-04 14:54:49,302 - INFO - 正在爬取第17条数据....... - parse:25 parse_html
2026-06-04 14:54:49,304 - INFO - 正在爬取第18条数据....... - parse:25 parse_html
2026-06-04 14:54:49,306 - INFO - 正在爬取第19条数据....... - parse:25 parse_html
2026-06-04 14:54:49,307 - INFO - 正在爬取第20条数据....... - parse:25 parse_html
2026-06-04 14:54:49,312 - INFO - 正在爬取第21条数据....... - parse:25 parse_html
2026-06-04 14:54:49,314 - INFO - 正在爬取第22条数据....... - parse:25 parse_html
2026-06-04 14:54:49,316 - INFO - 正在爬取第23条数据....... - parse:25 parse_html
2026-06-04 14:54:49,318 - INFO - 正在爬取第24条数据....... - parse:25 parse_html
2026-06-04 14:54:49,320 - INFO - 正在爬取第25条数据....... - parse:25 parse_html
2026-06-04 14:54:49,324 - INFO - 正在爬取第26条数据....... - parse:25 parse_html
2026-06-04 14:54:49,328 - INFO - 正在爬取第27条数据....... - parse:25 parse_html
2026-06-04 14:54:49,330 - INFO - 正在爬取第28条数据....... - parse:25 parse_html
2026-06-04 14:54:49,331 - INFO - 正在爬取第29条数据....... - parse:25 parse_html
2026-06-04 14:54:49,332 - INFO - 正在爬取第30条数据....... - parse:25 parse_html
2026-06-04 14:54:49,334 - INFO - 解析成功,总共提取到210条数据 - parse:98 parse_html
2026-06-04 14:54:49,350 - INFO - 下一页的网址是https://dg.lianjia.com/ershoufang/pg8 - main:41 main
2026-06-04 14:54:49,351 - INFO - 开始爬取https://dg.lianjia.com/ershoufang/pg8 - main:21 main
2026-06-04 14:54:51,038 - INFO - 正在访问:https://dg.lianjia.com/ershoufang/pg8 - request_handler:39 fetch_page
2026-06-04 14:55:25,405 - INFO - 正在爬取第1条数据....... - parse:25 parse_html
2026-06-04 14:55:25,407 - INFO - 正在爬取第2条数据....... - parse:25 parse_html
2026-06-04 14:55:25,409 - INFO - 正在爬取第3条数据....... - parse:25 parse_html
2026-06-04 14:55:25,410 - INFO - 正在爬取第4条数据....... - parse:25 parse_html
2026-06-04 14:55:25,412 - INFO - 正在爬取第5条数据....... - parse:25 parse_html
2026-06-04 14:55:25,414 - INFO - 正在爬取第6条数据....... - parse:25 parse_html
2026-06-04 14:55:25,415 - INFO - 正在爬取第7条数据....... - parse:25 parse_html
2026-06-04 14:55:25,417 - INFO - 正在爬取第8条数据....... - parse:25 parse_html
2026-06-04 14:55:25,421 - INFO - 正在爬取第9条数据....... - parse:25 parse_html
2026-06-04 14:55:25,423 - INFO - 正在爬取第10条数据....... - parse:25 parse_html
2026-06-04 14:55:25,425 - INFO - 正在爬取第11条数据....... - parse:25 parse_html
2026-06-04 14:55:25,427 - INFO - 正在爬取第12条数据....... - parse:25 parse_html
2026-06-04 14:55:25,429 - INFO - 正在爬取第13条数据....... - parse:25 parse_html
2026-06-04 14:55:25,458 - INFO - 正在爬取第14条数据....... - parse:25 parse_html
2026-06-04 14:55:25,468 - INFO - 正在爬取第15条数据....... - parse:25 parse_html
2026-06-04 14:55:25,491 - INFO - 正在爬取第16条数据....... - parse:25 parse_html
2026-06-04 14:55:25,492 - INFO - 正在爬取第17条数据....... - parse:25 parse_html
2026-06-04 14:55:25,493 - INFO - 正在爬取第18条数据....... - parse:25 parse_html
2026-06-04 14:55:25,495 - INFO - 正在爬取第19条数据....... - parse:25 parse_html
2026-06-04 14:55:25,496 - INFO - 正在爬取第20条数据....... - parse:25 parse_html
2026-06-04 14:55:25,498 - INFO - 正在爬取第21条数据....... - parse:25 parse_html
2026-06-04 14:55:25,499 - INFO - 正在爬取第22条数据....... - parse:25 parse_html
2026-06-04 14:55:25,500 - INFO - 正在爬取第23条数据....... - parse:25 parse_html
2026-06-04 14:55:25,501 - INFO - 正在爬取第24条数据....... - parse:25 parse_html
2026-06-04 14:55:25,502 - INFO - 正在爬取第25条数据....... - parse:25 parse_html
2026-06-04 14:55:25,504 - INFO - 正在爬取第26条数据....... - parse:25 parse_html
2026-06-04 14:55:25,505 - INFO - 正在爬取第27条数据....... - parse:25 parse_html
2026-06-04 14:55:25,507 - INFO - 正在爬取第28条数据....... - parse:25 parse_html
2026-06-04 14:55:25,508 - INFO - 正在爬取第29条数据....... - parse:25 parse_html
2026-06-04 14:55:25,510 - INFO - 正在爬取第30条数据....... - parse:25 parse_html
2026-06-04 14:55:25,511 - INFO - 解析成功,总共提取到240条数据 - parse:98 parse_html
2026-06-04 14:55:25,530 - INFO - 下一页的网址是https://dg.lianjia.com/ershoufang/pg9 - main:41 main
2026-06-04 14:55:25,531 - INFO - 开始爬取https://dg.lianjia.com/ershoufang/pg9 - main:21 main
2026-06-04 14:55:27,704 - INFO - 正在访问:https://dg.lianjia.com/ershoufang/pg9 - request_handler:39 fetch_page
2026-06-04 14:55:46,797 - INFO - 正在爬取第1条数据....... - parse:25 parse_html
2026-06-04 14:55:46,798 - INFO - 正在爬取第2条数据....... - parse:25 parse_html
2026-06-04 14:55:46,799 - INFO - 正在爬取第3条数据....... - parse:25 parse_html
2026-06-04 14:55:46,800 - INFO - 正在爬取第4条数据....... - parse:25 parse_html
2026-06-04 14:55:46,801 - INFO - 正在爬取第5条数据....... - parse:25 parse_html
2026-06-04 14:55:46,802 - INFO - 正在爬取第6条数据....... - parse:25 parse_html
2026-06-04 14:55:46,803 - INFO - 正在爬取第7条数据....... - parse:25 parse_html
2026-06-04 14:55:46,804 - INFO - 正在爬取第8条数据....... - parse:25 parse_html
2026-06-04 14:55:46,806 - INFO - 正在爬取第9条数据....... - parse:25 parse_html
2026-06-04 14:55:46,807 - INFO - 正在爬取第10条数据....... - parse:25 parse_html
2026-06-04 14:55:46,807 - INFO - 正在爬取第11条数据....... - parse:25 parse_html
2026-06-04 14:55:46,808 - INFO - 正在爬取第12条数据....... - parse:25 parse_html
2026-06-04 14:55:46,810 - INFO - 正在爬取第13条数据....... - parse:25 parse_html
2026-06-04 14:55:46,811 - INFO - 正在爬取第14条数据....... - parse:25 parse_html
2026-06-04 14:55:46,812 - INFO - 正在爬取第15条数据....... - parse:25 parse_html
2026-06-04 14:55:46,812 - INFO - 正在爬取第16条数据....... - parse:25 parse_html
2026-06-04 14:55:46,813 - INFO - 正在爬取第17条数据....... - parse:25 parse_html
2026-06-04 14:55:46,814 - INFO - 正在爬取第18条数据....... - parse:25 parse_html
2026-06-04 14:55:46,815 - INFO - 正在爬取第19条数据....... - parse:25 parse_html
2026-06-04 14:55:46,817 - INFO - 正在爬取第20条数据....... - parse:25 parse_html
2026-06-04 14:55:46,818 - INFO - 正在爬取第21条数据....... - parse:25 parse_html
2026-06-04 14:55:46,819 - INFO - 正在爬取第22条数据....... - parse:25 parse_html
2026-06-04 14:55:46,820 - INFO - 正在爬取第23条数据....... - parse:25 parse_html
2026-06-04 14:55:46,821 - INFO - 正在爬取第24条数据....... - parse:25 parse_html
2026-06-04 14:55:46,824 - INFO - 正在爬取第25条数据....... - parse:25 parse_html
2026-06-04 14:55:46,825 - INFO - 正在爬取第26条数据....... - parse:25 parse_html
2026-06-04 14:55:46,826 - INFO - 正在爬取第27条数据....... - parse:25 parse_html
2026-06-04 14:55:46,827 - INFO - 正在爬取第28条数据....... - parse:25 parse_html
2026-06-04 14:55:46,829 - INFO - 正在爬取第29条数据....... - parse:25 parse_html
2026-06-04 14:55:46,831 - INFO - 正在爬取第30条数据....... - parse:25 parse_html
2026-06-04 14:55:46,833 - INFO - 解析成功,总共提取到270条数据 - parse:98 parse_html
2026-06-04 14:55:46,850 - INFO - 下一页的网址是https://dg.lianjia.com/ershoufang/pg10 - main:41 main
2026-06-04 14:55:46,851 - INFO - 开始爬取https://dg.lianjia.com/ershoufang/pg10 - main:21 main
2026-06-04 14:55:48,224 - INFO - 正在访问:https://dg.lianjia.com/ershoufang/pg10 - request_handler:39 fetch_page
2026-06-04 14:56:02,647 - INFO - 正在爬取第1条数据....... - parse:25 parse_html
2026-06-04 14:56:02,648 - INFO - 正在爬取第2条数据....... - parse:25 parse_html
2026-06-04 14:56:02,649 - INFO - 正在爬取第3条数据....... - parse:25 parse_html
2026-06-04 14:56:02,651 - INFO - 正在爬取第4条数据....... - parse:25 parse_html
2026-06-04 14:56:02,652 - INFO - 正在爬取第5条数据....... - parse:25 parse_html
2026-06-04 14:56:02,654 - INFO - 正在爬取第6条数据....... - parse:25 parse_html
2026-06-04 14:56:02,656 - INFO - 正在爬取第7条数据....... - parse:25 parse_html
2026-06-04 14:56:02,657 - INFO - 正在爬取第8条数据....... - parse:25 parse_html
2026-06-04 14:56:02,659 - INFO - 正在爬取第9条数据....... - parse:25 parse_html
2026-06-04 14:56:02,663 - INFO - 正在爬取第10条数据....... - parse:25 parse_html
2026-06-04 14:56:02,665 - INFO - 正在爬取第11条数据....... - parse:25 parse_html
2026-06-04 14:56:02,667 - INFO - 正在爬取第12条数据....... - parse:25 parse_html
2026-06-04 14:56:02,670 - INFO - 正在爬取第13条数据....... - parse:25 parse_html
2026-06-04 14:56:02,672 - INFO - 正在爬取第14条数据....... - parse:25 parse_html
2026-06-04 14:56:02,674 - INFO - 正在爬取第15条数据....... - parse:25 parse_html
2026-06-04 14:56:02,678 - INFO - 正在爬取第16条数据....... - parse:25 parse_html
2026-06-04 14:56:02,680 - INFO - 正在爬取第17条数据....... - parse:25 parse_html
2026-06-04 14:56:02,682 - INFO - 正在爬取第18条数据....... - parse:25 parse_html
2026-06-04 14:56:02,683 - INFO - 正在爬取第19条数据....... - parse:25 parse_html
2026-06-04 14:56:02,685 - INFO - 正在爬取第20条数据....... - parse:25 parse_html
2026-06-04 14:56:02,687 - INFO - 正在爬取第21条数据....... - parse:25 parse_html
2026-06-04 14:56:02,689 - INFO - 正在爬取第22条数据....... - parse:25 parse_html
2026-06-04 14:56:02,692 - INFO - 正在爬取第23条数据....... - parse:25 parse_html
2026-06-04 14:56:02,694 - INFO - 正在爬取第24条数据....... - parse:25 parse_html
2026-06-04 14:56:02,696 - INFO - 正在爬取第25条数据....... - parse:25 parse_html
2026-06-04 14:56:02,698 - INFO - 正在爬取第26条数据....... - parse:25 parse_html
2026-06-04 14:56:02,699 - INFO - 正在爬取第27条数据....... - parse:25 parse_html
2026-06-04 14:56:02,700 - INFO - 正在爬取第28条数据....... - parse:25 parse_html
2026-06-04 14:56:02,702 - INFO - 正在爬取第29条数据....... - parse:25 parse_html
2026-06-04 14:56:02,705 - INFO - 正在爬取第30条数据....... - parse:25 parse_html
2026-06-04 14:56:02,707 - INFO - 解析成功,总共提取到300条数据 - parse:98 parse_html
2026-06-04 14:56:02,733 - INFO - 下一页的网址是https://dg.lianjia.com/ershoufang/pg11 - main:41 main
2026-06-04 14:56:02,733 - INFO - 开始爬取https://dg.lianjia.com/ershoufang/pg11 - main:21 main
2026-06-04 14:56:04,249 - INFO - 正在访问:https://dg.lianjia.com/ershoufang/pg11 - request_handler:39 fetch_page
2026-06-04 14:56:17,643 - INFO - 正在爬取第1条数据....... - parse:25 parse_html
2026-06-04 14:56:17,645 - INFO - 正在爬取第2条数据....... - parse:25 parse_html
2026-06-04 14:56:17,646 - INFO - 正在爬取第3条数据....... - parse:25 parse_html
2026-06-04 14:56:17,648 - INFO - 正在爬取第4条数据....... - parse:25 parse_html
2026-06-04 14:56:17,650 - INFO - 正在爬取第5条数据....... - parse:25 parse_html
2026-06-04 14:56:17,651 - INFO - 正在爬取第6条数据....... - parse:25 parse_html
2026-06-04 14:56:17,653 - INFO - 正在爬取第7条数据....... - parse:25 parse_html
2026-06-04 14:56:17,654 - INFO - 正在爬取第8条数据....... - parse:25 parse_html
2026-06-04 14:56:17,656 - INFO - 正在爬取第9条数据....... - parse:25 parse_html
2026-06-04 14:56:17,657 - INFO - 正在爬取第10条数据....... - parse:25 parse_html
2026-06-04 14:56:17,658 - INFO - 正在爬取第11条数据....... - parse:25 parse_html
2026-06-04 14:56:17,659 - INFO - 正在爬取第12条数据....... - parse:25 parse_html
2026-06-04 14:56:17,661 - INFO - 正在爬取第13条数据....... - parse:25 parse_html
2026-06-04 14:56:17,662 - INFO - 正在爬取第14条数据....... - parse:25 parse_html
2026-06-04 14:56:17,663 - INFO - 正在爬取第15条数据....... - parse:25 parse_html
2026-06-04 14:56:17,664 - INFO - 正在爬取第16条数据....... - parse:25 parse_html
2026-06-04 14:56:17,666 - INFO - 正在爬取第17条数据....... - parse:25 parse_html
2026-06-04 14:56:17,667 - INFO - 正在爬取第18条数据....... - parse:25 parse_html
2026-06-04 14:56:17,668 - INFO - 正在爬取第19条数据....... - parse:25 parse_html
2026-06-04 14:56:17,670 - INFO - 正在爬取第20条数据....... - parse:25 parse_html
2026-06-04 14:56:17,671 - INFO - 正在爬取第21条数据....... - parse:25 parse_html
2026-06-04 14:56:17,673 - INFO - 正在爬取第22条数据....... - parse:25 parse_html
2026-06-04 14:56:17,675 - INFO - 正在爬取第23条数据....... - parse:25 parse_html
2026-06-04 14:56:17,677 - INFO - 正在爬取第24条数据....... - parse:25 parse_html
2026-06-04 14:56:17,679 - INFO - 正在爬取第25条数据....... - parse:25 parse_html
2026-06-04 14:56:17,681 - INFO - 正在爬取第26条数据....... - parse:25 parse_html
2026-06-04 14:56:17,683 - INFO - 正在爬取第27条数据....... - parse:25 parse_html
2026-06-04 14:56:17,684 - INFO - 正在爬取第28条数据....... - parse:25 parse_html
2026-06-04 14:56:17,686 - INFO - 正在爬取第29条数据....... - parse:25 parse_html
2026-06-04 14:56:17,687 - INFO - 正在爬取第30条数据....... - parse:25 parse_html
2026-06-04 14:56:17,689 - INFO - 解析成功,总共提取到330条数据 - parse:98 parse_html
2026-06-04 14:56:17,714 - INFO - 下一页的网址是https://dg.lianjia.com/ershoufang/pg12 - main:41 main
2026-06-04 14:56:17,715 - INFO - 开始爬取https://dg.lianjia.com/ershoufang/pg12 - main:21 main
2026-06-04 14:56:19,516 - INFO - 正在访问:https://dg.lianjia.com/ershoufang/pg12 - request_handler:39 fetch_page
2026-06-04 14:56:38,270 - INFO - 正在爬取第1条数据....... - parse:25 parse_html
2026-06-04 14:56:38,272 - INFO - 正在爬取第2条数据....... - parse:25 parse_html
2026-06-04 14:56:38,273 - INFO - 正在爬取第3条数据....... - parse:25 parse_html
2026-06-04 14:56:38,275 - INFO - 正在爬取第4条数据....... - parse:25 parse_html
2026-06-04 14:56:38,277 - INFO - 正在爬取第5条数据....... - parse:25 parse_html
2026-06-04 14:56:38,279 - INFO - 正在爬取第6条数据....... - parse:25 parse_html
2026-06-04 14:56:38,281 - INFO - 正在爬取第7条数据....... - parse:25 parse_html
2026-06-04 14:56:38,283 - INFO - 正在爬取第8条数据....... - parse:25 parse_html
2026-06-04 14:56:38,284 - INFO - 正在爬取第9条数据....... - parse:25 parse_html
2026-06-04 14:56:38,285 - INFO - 正在爬取第10条数据....... - parse:25 parse_html
2026-06-04 14:56:38,287 - INFO - 正在爬取第11条数据....... - parse:25 parse_html
2026-06-04 14:56:38,288 - INFO - 正在爬取第12条数据....... - parse:25 parse_html
2026-06-04 14:56:38,290 - INFO - 正在爬取第13条数据....... - parse:25 parse_html
2026-06-04 14:56:38,292 - INFO - 正在爬取第14条数据....... - parse:25 parse_html
2026-06-04 14:56:38,295 - INFO - 正在爬取第15条数据....... - parse:25 parse_html
2026-06-04 14:56:38,297 - INFO - 正在爬取第16条数据....... - parse:25 parse_html
2026-06-04 14:56:38,300 - INFO - 正在爬取第17条数据....... - parse:25 parse_html
2026-06-04 14:56:38,302 - INFO - 正在爬取第18条数据....... - parse:25 parse_html
2026-06-04 14:56:38,304 - INFO - 正在爬取第19条数据....... - parse:25 parse_html
2026-06-04 14:56:38,306 - INFO - 正在爬取第20条数据....... - parse:25 parse_html
2026-06-04 14:56:38,308 - INFO - 正在爬取第21条数据....... - parse:25 parse_html
2026-06-04 14:56:38,310 - INFO - 正在爬取第22条数据....... - parse:25 parse_html
2026-06-04 14:56:38,312 - INFO - 正在爬取第23条数据....... - parse:25 parse_html
2026-06-04 14:56:38,313 - INFO - 正在爬取第24条数据....... - parse:25 parse_html
2026-06-04 14:56:38,315 - INFO - 正在爬取第25条数据....... - parse:25 parse_html
2026-06-04 14:56:38,317 - INFO - 正在爬取第26条数据....... - parse:25 parse_html
2026-06-04 14:56:38,319 - INFO - 正在爬取第27条数据....... - parse:25 parse_html
2026-06-04 14:56:38,321 - INFO - 正在爬取第28条数据....... - parse:25 parse_html
2026-06-04 14:56:38,322 - INFO - 正在爬取第29条数据....... - parse:25 parse_html
2026-06-04 14:56:38,324 - INFO - 正在爬取第30条数据....... - parse:25 parse_html
2026-06-04 14:56:38,326 - INFO - 解析成功,总共提取到360条数据 - parse:98 parse_html
2026-06-04 14:56:38,346 - INFO - 下一页的网址是https://dg.lianjia.com/ershoufang/pg13 - main:41 main
2026-06-04 14:56:38,347 - INFO - 开始爬取https://dg.lianjia.com/ershoufang/pg13 - main:21 main
2026-06-04 14:56:39,489 - INFO - 正在访问:https://dg.lianjia.com/ershoufang/pg13 - request_handler:39 fetch_page
2026-06-04 14:56:56,394 - INFO - 正在爬取第1条数据....... - parse:25 parse_html
2026-06-04 14:56:56,396 - INFO - 正在爬取第2条数据....... - parse:25 parse_html
2026-06-04 14:56:56,397 - INFO - 正在爬取第3条数据....... - parse:25 parse_html
2026-06-04 14:56:56,398 - INFO - 正在爬取第4条数据....... - parse:25 parse_html
2026-06-04 14:56:56,400 - INFO - 正在爬取第5条数据....... - parse:25 parse_html
2026-06-04 14:56:56,401 - INFO - 正在爬取第6条数据....... - parse:25 parse_html
2026-06-04 14:56:56,403 - INFO - 正在爬取第7条数据....... - parse:25 parse_html
2026-06-04 14:56:56,404 - INFO - 正在爬取第8条数据....... - parse:25 parse_html
2026-06-04 14:56:56,405 - INFO - 正在爬取第9条数据....... - parse:25 parse_html
2026-06-04 14:56:56,406 - INFO - 正在爬取第10条数据....... - parse:25 parse_html
2026-06-04 14:56:56,408 - INFO - 正在爬取第11条数据....... - parse:25 parse_html
2026-06-04 14:56:56,409 - INFO - 正在爬取第12条数据....... - parse:25 parse_html
2026-06-04 14:56:56,409 - INFO - 正在爬取第13条数据....... - parse:25 parse_html
2026-06-04 14:56:56,410 - INFO - 正在爬取第14条数据....... - parse:25 parse_html
2026-06-04 14:56:56,411 - INFO - 正在爬取第15条数据....... - parse:25 parse_html
2026-06-04 14:56:56,412 - INFO - 正在爬取第16条数据....... - parse:25 parse_html
2026-06-04 14:56:56,413 - INFO - 正在爬取第17条数据....... - parse:25 parse_html
2026-06-04 14:56:56,414 - INFO - 正在爬取第18条数据....... - parse:25 parse_html
2026-06-04 14:56:56,415 - INFO - 正在爬取第19条数据....... - parse:25 parse_html
2026-06-04 14:56:56,416 - INFO - 正在爬取第20条数据....... - parse:25 parse_html
2026-06-04 14:56:56,417 - INFO - 正在爬取第21条数据....... - parse:25 parse_html
2026-06-04 14:56:56,418 - INFO - 正在爬取第22条数据....... - parse:25 parse_html
2026-06-04 14:56:56,420 - INFO - 正在爬取第23条数据....... - parse:25 parse_html
2026-06-04 14:56:56,421 - INFO - 正在爬取第24条数据....... - parse:25 parse_html
2026-06-04 14:56:56,422 - INFO - 正在爬取第25条数据....... - parse:25 parse_html
2026-06-04 14:56:56,423 - INFO - 正在爬取第26条数据....... - parse:25 parse_html
2026-06-04 14:56:56,424 - INFO - 正在爬取第27条数据....... - parse:25 parse_html
2026-06-04 14:56:56,425 - INFO - 正在爬取第28条数据....... - parse:25 parse_html
2026-06-04 14:56:56,426 - INFO - 正在爬取第29条数据....... - parse:25 parse_html
2026-06-04 14:56:56,427 - INFO - 正在爬取第30条数据....... - parse:25 parse_html
2026-06-04 14:56:56,429 - INFO - 解析成功,总共提取到390条数据 - parse:98 parse_html
2026-06-04 14:56:56,446 - INFO - 下一页的网址是https://dg.lianjia.com/ershoufang/pg14 - main:41 main
2026-06-04 14:56:56,447 - INFO - 开始爬取https://dg.lianjia.com/ershoufang/pg14 - main:21 main
2026-06-04 14:56:58,260 - INFO - 正在访问:https://dg.lianjia.com/ershoufang/pg14 - request_handler:39 fetch_page
2026-06-04 14:57:16,419 - INFO - 正在爬取第1条数据....... - parse:25 parse_html
2026-06-04 14:57:16,421 - INFO - 正在爬取第2条数据....... - parse:25 parse_html
2026-06-04 14:57:16,422 - INFO - 正在爬取第3条数据....... - parse:25 parse_html
2026-06-04 14:57:16,423 - INFO - 正在爬取第4条数据....... - parse:25 parse_html
2026-06-04 14:57:16,425 - INFO - 正在爬取第5条数据....... - parse:25 parse_html
2026-06-04 14:57:16,426 - INFO - 正在爬取第6条数据....... - parse:25 parse_html
2026-06-04 14:57:16,428 - INFO - 正在爬取第7条数据....... - parse:25 parse_html
2026-06-04 14:57:16,429 - INFO - 正在爬取第8条数据....... - parse:25 parse_html
2026-06-04 14:57:16,430 - INFO - 正在爬取第9条数据....... - parse:25 parse_html
2026-06-04 14:57:16,432 - INFO - 正在爬取第10条数据....... - parse:25 parse_html
2026-06-04 14:57:16,433 - INFO - 正在爬取第11条数据....... - parse:25 parse_html
2026-06-04 14:57:16,435 - INFO - 正在爬取第12条数据....... - parse:25 parse_html
2026-06-04 14:57:16,437 - INFO - 正在爬取第13条数据....... - parse:25 parse_html
2026-06-04 14:57:16,439 - INFO - 正在爬取第14条数据....... - parse:25 parse_html
2026-06-04 14:57:16,440 - INFO - 正在爬取第15条数据....... - parse:25 parse_html
2026-06-04 14:57:16,442 - INFO - 正在爬取第16条数据....... - parse:25 parse_html
2026-06-04 14:57:16,444 - INFO - 正在爬取第17条数据....... - parse:25 parse_html
2026-06-04 14:57:16,446 - INFO - 正在爬取第18条数据....... - parse:25 parse_html
2026-06-04 14:57:16,448 - INFO - 正在爬取第19条数据....... - parse:25 parse_html
2026-06-04 14:57:16,449 - INFO - 正在爬取第20条数据....... - parse:25 parse_html
2026-06-04 14:57:16,450 - INFO - 正在爬取第21条数据....... - parse:25 parse_html
2026-06-04 14:57:16,452 - INFO - 正在爬取第22条数据....... - parse:25 parse_html
2026-06-04 14:57:16,454 - INFO - 正在爬取第23条数据....... - parse:25 parse_html
2026-06-04 14:57:16,456 - INFO - 正在爬取第24条数据....... - parse:25 parse_html
2026-06-04 14:57:16,458 - INFO - 正在爬取第25条数据....... - parse:25 parse_html
2026-06-04 14:57:16,459 - INFO - 正在爬取第26条数据....... - parse:25 parse_html
2026-06-04 14:57:16,461 - INFO - 正在爬取第27条数据....... - parse:25 parse_html
2026-06-04 14:57:16,462 - INFO - 正在爬取第28条数据....... - parse:25 parse_html
2026-06-04 14:57:16,463 - INFO - 正在爬取第29条数据....... - parse:25 parse_html
2026-06-04 14:57:16,465 - INFO - 正在爬取第30条数据....... - parse:25 parse_html
2026-06-04 14:57:16,466 - INFO - 解析成功,总共提取到420条数据 - parse:98 parse_html
2026-06-04 14:57:16,493 - INFO - 下一页的网址是https://dg.lianjia.com/ershoufang/pg15 - main:41 main
2026-06-04 14:57:16,494 - INFO - 开始爬取https://dg.lianjia.com/ershoufang/pg15 - main:21 main
2026-06-04 14:57:18,410 - INFO - 正在访问:https://dg.lianjia.com/ershoufang/pg15 - request_handler:39 fetch_page
2026-06-04 14:57:34,016 - INFO - 正在爬取第1条数据....... - parse:25 parse_html
2026-06-04 14:57:34,018 - INFO - 正在爬取第2条数据....... - parse:25 parse_html
2026-06-04 14:57:34,019 - INFO - 正在爬取第3条数据....... - parse:25 parse_html
2026-06-04 14:57:34,021 - INFO - 正在爬取第4条数据....... - parse:25 parse_html
2026-06-04 14:57:34,022 - INFO - 正在爬取第5条数据....... - parse:25 parse_html
2026-06-04 14:57:34,024 - INFO - 正在爬取第6条数据....... - parse:25 parse_html
2026-06-04 14:57:34,025 - INFO - 正在爬取第7条数据....... - parse:25 parse_html
2026-06-04 14:57:34,027 - INFO - 正在爬取第8条数据....... - parse:25 parse_html
2026-06-04 14:57:34,029 - INFO - 正在爬取第9条数据....... - parse:25 parse_html
2026-06-04 14:57:34,030 - INFO - 正在爬取第10条数据....... - parse:25 parse_html
2026-06-04 14:57:34,032 - INFO - 正在爬取第11条数据....... - parse:25 parse_html
2026-06-04 14:57:34,034 - INFO - 正在爬取第12条数据....... - parse:25 parse_html
2026-06-04 14:57:34,036 - INFO - 正在爬取第13条数据....... - parse:25 parse_html
2026-06-04 14:57:34,038 - INFO - 正在爬取第14条数据....... - parse:25 parse_html
2026-06-04 14:57:34,040 - INFO - 正在爬取第15条数据....... - parse:25 parse_html
2026-06-04 14:57:34,042 - INFO - 正在爬取第16条数据....... - parse:25 parse_html
2026-06-04 14:57:34,044 - INFO - 正在爬取第17条数据....... - parse:25 parse_html
2026-06-04 14:57:34,047 - INFO - 正在爬取第18条数据....... - parse:25 parse_html
2026-06-04 14:57:34,049 - INFO - 正在爬取第19条数据....... - parse:25 parse_html
2026-06-04 14:57:34,051 - INFO - 正在爬取第20条数据....... - parse:25 parse_html
2026-06-04 14:57:34,053 - INFO - 正在爬取第21条数据....... - parse:25 parse_html
2026-06-04 14:57:34,055 - INFO - 正在爬取第22条数据....... - parse:25 parse_html
2026-06-04 14:57:34,057 - INFO - 正在爬取第23条数据....... - parse:25 parse_html
2026-06-04 14:57:34,059 - INFO - 正在爬取第24条数据....... - parse:25 parse_html
2026-06-04 14:57:34,061 - INFO - 正在爬取第25条数据....... - parse:25 parse_html
2026-06-04 14:57:34,063 - INFO - 正在爬取第26条数据....... - parse:25 parse_html
2026-06-04 14:57:34,065 - INFO - 正在爬取第27条数据....... - parse:25 parse_html
2026-06-04 14:57:34,067 - INFO - 正在爬取第28条数据....... - parse:25 parse_html
2026-06-04 14:57:34,069 - INFO - 正在爬取第29条数据....... - parse:25 parse_html
2026-06-04 14:57:34,070 - INFO - 正在爬取第30条数据....... - parse:25 parse_html
2026-06-04 14:57:34,072 - INFO - 解析成功,总共提取到450条数据 - parse:98 parse_html
2026-06-04 14:57:34,097 - INFO - 下一页的网址是https://dg.lianjia.com/ershoufang/pg16 - main:41 main
2026-06-04 14:57:34,098 - INFO - 开始爬取https://dg.lianjia.com/ershoufang/pg16 - main:21 main
2026-06-04 14:57:36,136 - INFO - 正在访问:https://dg.lianjia.com/ershoufang/pg16 - request_handler:39 fetch_page
2026-06-04 14:57:52,906 - INFO - 正在爬取第1条数据....... - parse:25 parse_html
2026-06-04 14:57:52,908 - INFO - 正在爬取第2条数据....... - parse:25 parse_html
2026-06-04 14:57:52,910 - INFO - 正在爬取第3条数据....... - parse:25 parse_html
2026-06-04 14:57:52,912 - INFO - 正在爬取第4条数据....... - parse:25 parse_html
2026-06-04 14:57:52,914 - INFO - 正在爬取第5条数据....... - parse:25 parse_html
2026-06-04 14:57:52,916 - INFO - 正在爬取第6条数据....... - parse:25 parse_html
2026-06-04 14:57:52,918 - INFO - 正在爬取第7条数据....... - parse:25 parse_html
2026-06-04 14:57:52,919 - INFO - 正在爬取第8条数据....... - parse:25 parse_html
2026-06-04 14:57:52,921 - INFO - 正在爬取第9条数据....... - parse:25 parse_html
2026-06-04 14:57:52,923 - INFO - 正在爬取第10条数据....... - parse:25 parse_html
2026-06-04 14:57:52,924 - INFO - 正在爬取第11条数据....... - parse:25 parse_html
2026-06-04 14:57:52,926 - INFO - 正在爬取第12条数据....... - parse:25 parse_html
2026-06-04 14:57:52,928 - INFO - 正在爬取第13条数据....... - parse:25 parse_html
2026-06-04 14:57:52,929 - INFO - 正在爬取第14条数据....... - parse:25 parse_html
2026-06-04 14:57:52,930 - INFO - 正在爬取第15条数据....... - parse:25 parse_html
2026-06-04 14:57:52,932 - INFO - 正在爬取第16条数据....... - parse:25 parse_html
2026-06-04 14:57:52,933 - INFO - 正在爬取第17条数据....... - parse:25 parse_html
2026-06-04 14:57:52,934 - INFO - 正在爬取第18条数据....... - parse:25 parse_html
2026-06-04 14:57:52,935 - INFO - 正在爬取第19条数据....... - parse:25 parse_html
2026-06-04 14:57:52,936 - INFO - 正在爬取第20条数据....... - parse:25 parse_html
2026-06-04 14:57:52,937 - INFO - 正在爬取第21条数据....... - parse:25 parse_html
2026-06-04 14:57:52,938 - INFO - 正在爬取第22条数据....... - parse:25 parse_html
2026-06-04 14:57:52,938 - INFO - 正在爬取第23条数据....... - parse:25 parse_html
2026-06-04 14:57:52,939 - INFO - 正在爬取第24条数据....... - parse:25 parse_html
2026-06-04 14:57:52,940 - INFO - 正在爬取第25条数据....... - parse:25 parse_html
2026-06-04 14:57:52,941 - INFO - 正在爬取第26条数据....... - parse:25 parse_html
2026-06-04 14:57:52,942 - INFO - 正在爬取第27条数据....... - parse:25 parse_html
2026-06-04 14:57:52,943 - INFO - 正在爬取第28条数据....... - parse:25 parse_html
2026-06-04 14:57:52,944 - INFO - 正在爬取第29条数据....... - parse:25 parse_html
2026-06-04 14:57:52,945 - INFO - 正在爬取第30条数据....... - parse:25 parse_html
2026-06-04 14:57:52,946 - INFO - 解析成功,总共提取到480条数据 - parse:98 parse_html
2026-06-04 14:57:52,965 - INFO - 下一页的网址是https://dg.lianjia.com/ershoufang/pg17 - main:41 main
2026-06-04 14:57:52,966 - INFO - 开始爬取https://dg.lianjia.com/ershoufang/pg17 - main:21 main
2026-06-04 14:57:54,555 - INFO - 正在访问:https://dg.lianjia.com/ershoufang/pg17 - request_handler:39 fetch_page
2026-06-04 14:58:16,883 - INFO - 正在爬取第1条数据....... - parse:25 parse_html
2026-06-04 14:58:16,884 - INFO - 正在爬取第2条数据....... - parse:25 parse_html
2026-06-04 14:58:16,885 - INFO - 正在爬取第3条数据....... - parse:25 parse_html
2026-06-04 14:58:16,887 - INFO - 正在爬取第4条数据....... - parse:25 parse_html
2026-06-04 14:58:16,888 - INFO - 正在爬取第5条数据....... - parse:25 parse_html
2026-06-04 14:58:16,889 - INFO - 正在爬取第6条数据....... - parse:25 parse_html
2026-06-04 14:58:16,890 - INFO - 正在爬取第7条数据....... - parse:25 parse_html
2026-06-04 14:58:16,891 - INFO - 正在爬取第8条数据....... - parse:25 parse_html
2026-06-04 14:58:16,892 - INFO - 正在爬取第9条数据....... - parse:25 parse_html
2026-06-04 14:58:16,893 - INFO - 正在爬取第10条数据....... - parse:25 parse_html
2026-06-04 14:58:16,895 - INFO - 正在爬取第11条数据....... - parse:25 parse_html
2026-06-04 14:58:16,896 - INFO - 正在爬取第12条数据....... - parse:25 parse_html
2026-06-04 14:58:16,897 - INFO - 正在爬取第13条数据....... - parse:25 parse_html
2026-06-04 14:58:16,898 - INFO - 正在爬取第14条数据....... - parse:25 parse_html
2026-06-04 14:58:16,900 - INFO - 正在爬取第15条数据....... - parse:25 parse_html
2026-06-04 14:58:16,902 - INFO - 正在爬取第16条数据....... - parse:25 parse_html
2026-06-04 14:58:16,903 - INFO - 正在爬取第17条数据....... - parse:25 parse_html
2026-06-04 14:58:16,905 - INFO - 正在爬取第18条数据....... - parse:25 parse_html
2026-06-04 14:58:16,906 - INFO - 正在爬取第19条数据....... - parse:25 parse_html
2026-06-04 14:58:16,907 - INFO - 正在爬取第20条数据....... - parse:25 parse_html
2026-06-04 14:58:16,908 - INFO - 正在爬取第21条数据....... - parse:25 parse_html
2026-06-04 14:58:16,910 - INFO - 正在爬取第22条数据....... - parse:25 parse_html
2026-06-04 14:58:16,912 - INFO - 正在爬取第23条数据....... - parse:25 parse_html
2026-06-04 14:58:16,913 - INFO - 正在爬取第24条数据....... - parse:25 parse_html
2026-06-04 14:58:16,914 - INFO - 正在爬取第25条数据....... - parse:25 parse_html
2026-06-04 14:58:16,915 - INFO - 正在爬取第26条数据....... - parse:25 parse_html
2026-06-04 14:58:16,917 - INFO - 正在爬取第27条数据....... - parse:25 parse_html
2026-06-04 14:58:16,919 - INFO - 正在爬取第28条数据....... - parse:25 parse_html
2026-06-04 14:58:16,920 - INFO - 正在爬取第29条数据....... - parse:25 parse_html
2026-06-04 14:58:16,921 - INFO - 正在爬取第30条数据....... - parse:25 parse_html
2026-06-04 14:58:16,922 - INFO - 解析成功,总共提取到510条数据 - parse:98 parse_html
2026-06-04 14:58:16,937 - INFO - 下一页的网址是https://dg.lianjia.com/ershoufang/pg18 - main:41 main
2026-06-04 14:58:16,938 - INFO - 开始爬取https://dg.lianjia.com/ershoufang/pg18 - main:21 main
2026-06-04 14:58:18,859 - INFO - 正在访问:https://dg.lianjia.com/ershoufang/pg18 - request_handler:39 fetch_page
2026-06-04 14:58:31,326 - WARNING - ⚠ 请手动完成人机验证,完成后程序自动继续! - request_handler:56 fetch_page
2026-06-04 14:58:36,749 - INFO - 验证通过 - request_handler:59 fetch_page
2026-06-04 14:58:36,806 - INFO - 正在爬取第1条数据....... - parse:25 parse_html
2026-06-04 14:58:36,808 - INFO - 正在爬取第2条数据....... - parse:25 parse_html
2026-06-04 14:58:36,809 - INFO - 正在爬取第3条数据....... - parse:25 parse_html
2026-06-04 14:58:36,809 - INFO - 正在爬取第4条数据....... - parse:25 parse_html
2026-06-04 14:58:36,811 - INFO - 正在爬取第5条数据....... - parse:25 parse_html
2026-06-04 14:58:36,812 - INFO - 正在爬取第6条数据....... - parse:25 parse_html
2026-06-04 14:58:36,814 - INFO - 正在爬取第7条数据....... - parse:25 parse_html
2026-06-04 14:58:36,815 - INFO - 正在爬取第8条数据....... - parse:25 parse_html
2026-06-04 14:58:36,817 - INFO - 正在爬取第9条数据....... - parse:25 parse_html
2026-06-04 14:58:36,819 - INFO - 正在爬取第10条数据....... - parse:25 parse_html
2026-06-04 14:58:36,821 - INFO - 正在爬取第11条数据....... - parse:25 parse_html
2026-06-04 14:58:36,822 - INFO - 正在爬取第12条数据....... - parse:25 parse_html
2026-06-04 14:58:36,824 - INFO - 正在爬取第13条数据....... - parse:25 parse_html
2026-06-04 14:58:36,826 - INFO - 正在爬取第14条数据....... - parse:25 parse_html
2026-06-04 14:58:36,829 - INFO - 正在爬取第15条数据....... - parse:25 parse_html
2026-06-04 14:58:36,831 - INFO - 正在爬取第16条数据....... - parse:25 parse_html
2026-06-04 14:58:36,833 - INFO - 正在爬取第17条数据....... - parse:25 parse_html
2026-06-04 14:58:36,834 - INFO - 正在爬取第18条数据....... - parse:25 parse_html
2026-06-04 14:58:36,837 - INFO - 正在爬取第19条数据....... - parse:25 parse_html
2026-06-04 14:58:36,838 - INFO - 正在爬取第20条数据....... - parse:25 parse_html
2026-06-04 14:58:36,840 - INFO - 正在爬取第21条数据....... - parse:25 parse_html
2026-06-04 14:58:36,842 - INFO - 正在爬取第22条数据....... - parse:25 parse_html
2026-06-04 14:58:36,844 - INFO - 正在爬取第23条数据....... - parse:25 parse_html
2026-06-04 14:58:36,846 - INFO - 正在爬取第24条数据....... - parse:25 parse_html
2026-06-04 14:58:36,848 - INFO - 正在爬取第25条数据....... - parse:25 parse_html
2026-06-04 14:58:36,850 - INFO - 正在爬取第26条数据....... - parse:25 parse_html
2026-06-04 14:58:36,851 - INFO - 正在爬取第27条数据....... - parse:25 parse_html
2026-06-04 14:58:36,853 - INFO - 正在爬取第28条数据....... - parse:25 parse_html
2026-06-04 14:58:36,855 - INFO - 正在爬取第29条数据....... - parse:25 parse_html
2026-06-04 14:58:36,857 - INFO - 正在爬取第30条数据....... - parse:25 parse_html
2026-06-04 14:58:36,859 - INFO - 解析成功,总共提取到540条数据 - parse:98 parse_html
2026-06-04 14:58:36,874 - INFO - 下一页的网址是https://dg.lianjia.com/ershoufang/pg19 - main:41 main
2026-06-04 14:58:36,874 - INFO - 开始爬取https://dg.lianjia.com/ershoufang/pg19 - main:21 main
2026-06-04 14:58:37,980 - INFO - 正在访问:https://dg.lianjia.com/ershoufang/pg19 - request_handler:39 fetch_page
2026-06-04 14:58:54,676 - INFO - 正在爬取第1条数据....... - parse:25 parse_html
2026-06-04 14:58:54,677 - INFO - 正在爬取第2条数据....... - parse:25 parse_html
2026-06-04 14:58:54,679 - INFO - 正在爬取第3条数据....... - parse:25 parse_html
2026-06-04 14:58:54,681 - INFO - 正在爬取第4条数据....... - parse:25 parse_html
2026-06-04 14:58:54,682 - INFO - 正在爬取第5条数据....... - parse:25 parse_html
2026-06-04 14:58:54,684 - INFO - 正在爬取第6条数据....... - parse:25 parse_html
2026-06-04 14:58:54,685 - INFO - 正在爬取第7条数据....... - parse:25 parse_html
2026-06-04 14:58:54,687 - INFO - 正在爬取第8条数据....... - parse:25 parse_html
2026-06-04 14:58:54,688 - INFO - 正在爬取第9条数据....... - parse:25 parse_html
2026-06-04 14:58:54,690 - INFO - 正在爬取第10条数据....... - parse:25 parse_html
2026-06-04 14:58:54,691 - INFO - 正在爬取第11条数据....... - parse:25 parse_html
2026-06-04 14:58:54,693 - INFO - 正在爬取第12条数据....... - parse:25 parse_html
2026-06-04 14:58:54,695 - INFO - 正在爬取第13条数据....... - parse:25 parse_html
2026-06-04 14:58:54,696 - INFO - 正在爬取第14条数据....... - parse:25 parse_html
2026-06-04 14:58:54,698 - INFO - 正在爬取第15条数据....... - parse:25 parse_html
2026-06-04 14:58:54,699 - INFO - 正在爬取第16条数据....... - parse:25 parse_html
2026-06-04 14:58:54,701 - INFO - 正在爬取第17条数据....... - parse:25 parse_html
2026-06-04 14:58:54,702 - INFO - 正在爬取第18条数据....... - parse:25 parse_html
2026-06-04 14:58:54,704 - INFO - 正在爬取第19条数据....... - parse:25 parse_html
2026-06-04 14:58:54,705 - INFO - 正在爬取第20条数据....... - parse:25 parse_html
2026-06-04 14:58:54,707 - INFO - 正在爬取第21条数据....... - parse:25 parse_html
2026-06-04 14:58:54,709 - INFO - 正在爬取第22条数据....... - parse:25 parse_html
2026-06-04 14:58:54,710 - INFO - 正在爬取第23条数据....... - parse:25 parse_html
2026-06-04 14:58:54,712 - INFO - 正在爬取第24条数据....... - parse:25 parse_html
2026-06-04 14:58:54,713 - INFO - 正在爬取第25条数据....... - parse:25 parse_html
2026-06-04 14:58:54,715 - INFO - 正在爬取第26条数据....... - parse:25 parse_html
2026-06-04 14:58:54,716 - INFO - 正在爬取第27条数据....... - parse:25 parse_html
2026-06-04 14:58:54,718 - INFO - 正在爬取第28条数据....... - parse:25 parse_html
2026-06-04 14:58:54,719 - INFO - 正在爬取第29条数据....... - parse:25 parse_html
2026-06-04 14:58:54,721 - INFO - 正在爬取第30条数据....... - parse:25 parse_html
2026-06-04 14:58:54,723 - INFO - 解析成功,总共提取到570条数据 - parse:98 parse_html
2026-06-04 14:58:54,747 - INFO - 下一页的网址是https://dg.lianjia.com/ershoufang/pg20 - main:41 main
2026-06-04 14:58:54,747 - INFO - 开始爬取https://dg.lianjia.com/ershoufang/pg20 - main:21 main
2026-06-04 14:58:56,630 - INFO - 正在访问:https://dg.lianjia.com/ershoufang/pg20 - request_handler:39 fetch_page
2026-06-04 14:59:15,262 - INFO - 正在爬取第1条数据....... - parse:25 parse_html
2026-06-04 14:59:15,263 - INFO - 正在爬取第2条数据....... - parse:25 parse_html
2026-06-04 14:59:15,264 - INFO - 正在爬取第3条数据....... - parse:25 parse_html
2026-06-04 14:59:15,265 - INFO - 正在爬取第4条数据....... - parse:25 parse_html
2026-06-04 14:59:15,266 - INFO - 正在爬取第5条数据....... - parse:25 parse_html
2026-06-04 14:59:15,267 - INFO - 正在爬取第6条数据....... - parse:25 parse_html
2026-06-04 14:59:15,268 - INFO - 正在爬取第7条数据....... - parse:25 parse_html
2026-06-04 14:59:15,269 - INFO - 正在爬取第8条数据....... - parse:25 parse_html
2026-06-04 14:59:15,270 - INFO - 正在爬取第9条数据....... - parse:25 parse_html
2026-06-04 14:59:15,271 - INFO - 正在爬取第10条数据....... - parse:25 parse_html
2026-06-04 14:59:15,273 - INFO - 正在爬取第11条数据....... - parse:25 parse_html
2026-06-04 14:59:15,274 - INFO - 正在爬取第12条数据....... - parse:25 parse_html
2026-06-04 14:59:15,275 - INFO - 正在爬取第13条数据....... - parse:25 parse_html
2026-06-04 14:59:15,276 - INFO - 正在爬取第14条数据....... - parse:25 parse_html
2026-06-04 14:59:15,277 - INFO - 正在爬取第15条数据....... - parse:25 parse_html
2026-06-04 14:59:15,278 - INFO - 正在爬取第16条数据....... - parse:25 parse_html
2026-06-04 14:59:15,279 - INFO - 正在爬取第17条数据....... - parse:25 parse_html
2026-06-04 14:59:15,280 - INFO - 正在爬取第18条数据....... - parse:25 parse_html
2026-06-04 14:59:15,280 - INFO - 正在爬取第19条数据....... - parse:25 parse_html
2026-06-04 14:59:15,281 - INFO - 正在爬取第20条数据....... - parse:25 parse_html
2026-06-04 14:59:15,282 - INFO - 正在爬取第21条数据....... - parse:25 parse_html
2026-06-04 14:59:15,283 - INFO - 正在爬取第22条数据....... - parse:25 parse_html
2026-06-04 14:59:15,284 - INFO - 正在爬取第23条数据....... - parse:25 parse_html
2026-06-04 14:59:15,285 - INFO - 正在爬取第24条数据....... - parse:25 parse_html
2026-06-04 14:59:15,285 - INFO - 正在爬取第25条数据....... - parse:25 parse_html
2026-06-04 14:59:15,286 - INFO - 正在爬取第26条数据....... - parse:25 parse_html
2026-06-04 14:59:15,287 - INFO - 正在爬取第27条数据....... - parse:25 parse_html
2026-06-04 14:59:15,287 - INFO - 正在爬取第28条数据....... - parse:25 parse_html
2026-06-04 14:59:15,288 - INFO - 正在爬取第29条数据....... - parse:25 parse_html
2026-06-04 14:59:15,289 - INFO - 正在爬取第30条数据....... - parse:25 parse_html
2026-06-04 14:59:15,290 - INFO - 解析成功,总共提取到600条数据 - parse:98 parse_html
2026-06-04 14:59:15,305 - INFO - 下一页的网址是https://dg.lianjia.com/ershoufang/pg21 - main:41 main
2026-06-04 14:59:15,305 - INFO - 开始爬取https://dg.lianjia.com/ershoufang/pg21 - main:21 main
2026-06-04 14:59:16,866 - INFO - 正在访问:https://dg.lianjia.com/ershoufang/pg21 - request_handler:39 fetch_page
2026-06-04 14:59:31,012 - WARNING - ⚠ 请手动完成人机验证,完成后程序自动继续! - request_handler:56 fetch_page
2026-06-04 14:59:32,795 - INFO - 验证通过 - request_handler:59 fetch_page
2026-06-04 14:59:32,846 - INFO - 正在爬取第1条数据....... - parse:25 parse_html
2026-06-04 14:59:32,847 - INFO - 正在爬取第2条数据....... - parse:25 parse_html
2026-06-04 14:59:32,848 - INFO - 正在爬取第3条数据....... - parse:25 parse_html
2026-06-04 14:59:32,849 - INFO - 正在爬取第4条数据....... - parse:25 parse_html
2026-06-04 14:59:32,850 - INFO - 正在爬取第5条数据....... - parse:25 parse_html
2026-06-04 14:59:32,851 - INFO - 正在爬取第6条数据....... - parse:25 parse_html
2026-06-04 14:59:32,852 - INFO - 正在爬取第7条数据....... - parse:25 parse_html
2026-06-04 14:59:32,853 - INFO - 正在爬取第8条数据....... - parse:25 parse_html
2026-06-04 14:59:32,854 - INFO - 正在爬取第9条数据....... - parse:25 parse_html
2026-06-04 14:59:32,855 - INFO - 正在爬取第10条数据....... - parse:25 parse_html
2026-06-04 14:59:32,856 - INFO - 正在爬取第11条数据....... - parse:25 parse_html
2026-06-04 14:59:32,857 - INFO - 正在爬取第12条数据....... - parse:25 parse_html
2026-06-04 14:59:32,858 - INFO - 正在爬取第13条数据....... - parse:25 parse_html
2026-06-04 14:59:32,859 - INFO - 正在爬取第14条数据....... - parse:25 parse_html
2026-06-04 14:59:32,860 - INFO - 正在爬取第15条数据....... - parse:25 parse_html
2026-06-04 14:59:32,861 - INFO - 正在爬取第16条数据....... - parse:25 parse_html
2026-06-04 14:59:32,861 - INFO - 正在爬取第17条数据....... - parse:25 parse_html
2026-06-04 14:59:32,862 - INFO - 正在爬取第18条数据....... - parse:25 parse_html
2026-06-04 14:59:32,863 - INFO - 正在爬取第19条数据....... - parse:25 parse_html
2026-06-04 14:59:32,864 - INFO - 正在爬取第20条数据....... - parse:25 parse_html
2026-06-04 14:59:32,865 - INFO - 正在爬取第21条数据....... - parse:25 parse_html
2026-06-04 14:59:32,865 - INFO - 正在爬取第22条数据....... - parse:25 parse_html
2026-06-04 14:59:32,866 - INFO - 正在爬取第23条数据....... - parse:25 parse_html
2026-06-04 14:59:32,867 - INFO - 正在爬取第24条数据....... - parse:25 parse_html
2026-06-04 14:59:32,868 - INFO - 正在爬取第25条数据....... - parse:25 parse_html
2026-06-04 14:59:32,869 - INFO - 正在爬取第26条数据....... - parse:25 parse_html
2026-06-04 14:59:32,870 - INFO - 正在爬取第27条数据....... - parse:25 parse_html
2026-06-04 14:59:32,870 - INFO - 正在爬取第28条数据....... - parse:25 parse_html
2026-06-04 14:59:32,871 - INFO - 正在爬取第29条数据....... - parse:25 parse_html
2026-06-04 14:59:32,872 - INFO - 正在爬取第30条数据....... - parse:25 parse_html
2026-06-04 14:59:32,873 - INFO - 解析成功,总共提取到630条数据 - parse:98 parse_html
2026-06-04 14:59:32,889 - INFO - 下一页的网址是https://dg.lianjia.com/ershoufang/pg22 - main:41 main
2026-06-04 14:59:32,890 - INFO - 开始爬取https://dg.lianjia.com/ershoufang/pg22 - main:21 main
2026-06-04 14:59:34,262 - INFO - 正在访问:https://dg.lianjia.com/ershoufang/pg22 - request_handler:39 fetch_page
2026-06-04 14:59:52,859 - INFO - 正在爬取第1条数据....... - parse:25 parse_html
2026-06-04 14:59:52,861 - INFO - 正在爬取第2条数据....... - parse:25 parse_html
2026-06-04 14:59:52,862 - INFO - 正在爬取第3条数据....... - parse:25 parse_html
2026-06-04 14:59:52,863 - INFO - 正在爬取第4条数据....... - parse:25 parse_html
2026-06-04 14:59:52,865 - INFO - 正在爬取第5条数据....... - parse:25 parse_html
2026-06-04 14:59:52,866 - INFO - 正在爬取第6条数据....... - parse:25 parse_html
2026-06-04 14:59:52,868 - INFO - 正在爬取第7条数据....... - parse:25 parse_html
2026-06-04 14:59:52,870 - INFO - 正在爬取第8条数据....... - parse:25 parse_html
2026-06-04 14:59:52,871 - INFO - 正在爬取第9条数据....... - parse:25 parse_html
2026-06-04 14:59:52,873 - INFO - 正在爬取第10条数据....... - parse:25 parse_html
2026-06-04 14:59:52,874 - INFO - 正在爬取第11条数据....... - parse:25 parse_html
2026-06-04 14:59:52,875 - INFO - 正在爬取第12条数据....... - parse:25 parse_html
2026-06-04 14:59:52,877 - INFO - 正在爬取第13条数据....... - parse:25 parse_html
2026-06-04 14:59:52,878 - INFO - 正在爬取第14条数据....... - parse:25 parse_html
2026-06-04 14:59:52,880 - INFO - 正在爬取第15条数据....... - parse:25 parse_html
2026-06-04 14:59:52,881 - INFO - 正在爬取第16条数据....... - parse:25 parse_html
2026-06-04 14:59:52,882 - INFO - 正在爬取第17条数据....... - parse:25 parse_html
2026-06-04 14:59:52,884 - INFO - 正在爬取第18条数据....... - parse:25 parse_html
2026-06-04 14:59:52,885 - INFO - 正在爬取第19条数据....... - parse:25 parse_html
2026-06-04 14:59:52,887 - INFO - 正在爬取第20条数据....... - parse:25 parse_html
2026-06-04 14:59:52,888 - INFO - 正在爬取第21条数据....... - parse:25 parse_html
2026-06-04 14:59:52,889 - INFO - 正在爬取第22条数据....... - parse:25 parse_html
2026-06-04 14:59:52,891 - INFO - 正在爬取第23条数据....... - parse:25 parse_html
2026-06-04 14:59:52,892 - INFO - 正在爬取第24条数据....... - parse:25 parse_html
2026-06-04 14:59:52,893 - INFO - 正在爬取第25条数据....... - parse:25 parse_html
2026-06-04 14:59:52,895 - INFO - 正在爬取第26条数据....... - parse:25 parse_html
2026-06-04 14:59:52,896 - INFO - 正在爬取第27条数据....... - parse:25 parse_html
2026-06-04 14:59:52,897 - INFO - 正在爬取第28条数据....... - parse:25 parse_html
2026-06-04 14:59:52,898 - INFO - 正在爬取第29条数据....... - parse:25 parse_html
2026-06-04 14:59:52,900 - INFO - 正在爬取第30条数据....... - parse:25 parse_html
2026-06-04 14:59:52,901 - INFO - 解析成功,总共提取到660条数据 - parse:98 parse_html
2026-06-04 14:59:52,915 - INFO - 下一页的网址是https://dg.lianjia.com/ershoufang/pg23 - main:41 main
2026-06-04 14:59:52,916 - INFO - 开始爬取https://dg.lianjia.com/ershoufang/pg23 - main:21 main
2026-06-04 14:59:54,679 - INFO - 正在访问:https://dg.lianjia.com/ershoufang/pg23 - request_handler:39 fetch_page
2026-06-04 15:00:12,463 - INFO - 正在爬取第1条数据....... - parse:25 parse_html
2026-06-04 15:00:12,464 - INFO - 正在爬取第2条数据....... - parse:25 parse_html
2026-06-04 15:00:12,466 - INFO - 正在爬取第3条数据....... - parse:25 parse_html
2026-06-04 15:00:12,468 - INFO - 正在爬取第4条数据....... - parse:25 parse_html
2026-06-04 15:00:12,469 - INFO - 正在爬取第5条数据....... - parse:25 parse_html
2026-06-04 15:00:12,471 - INFO - 正在爬取第6条数据....... - parse:25 parse_html
2026-06-04 15:00:12,472 - INFO - 正在爬取第7条数据....... - parse:25 parse_html
2026-06-04 15:00:12,474 - INFO - 正在爬取第8条数据....... - parse:25 parse_html
2026-06-04 15:00:12,476 - INFO - 正在爬取第9条数据....... - parse:25 parse_html
2026-06-04 15:00:12,477 - INFO - 正在爬取第10条数据....... - parse:25 parse_html
2026-06-04 15:00:12,479 - INFO - 正在爬取第11条数据....... - parse:25 parse_html
2026-06-04 15:00:12,480 - INFO - 正在爬取第12条数据....... - parse:25 parse_html
2026-06-04 15:00:12,482 - INFO - 正在爬取第13条数据....... - parse:25 parse_html
2026-06-04 15:00:12,483 - INFO - 正在爬取第14条数据....... - parse:25 parse_html
2026-06-04 15:00:12,484 - INFO - 正在爬取第15条数据....... - parse:25 parse_html
2026-06-04 15:00:12,485 - INFO - 正在爬取第16条数据....... - parse:25 parse_html
2026-06-04 15:00:12,486 - INFO - 正在爬取第17条数据....... - parse:25 parse_html
2026-06-04 15:00:12,488 - INFO - 正在爬取第18条数据....... - parse:25 parse_html
2026-06-04 15:00:12,489 - INFO - 正在爬取第19条数据....... - parse:25 parse_html
2026-06-04 15:00:12,490 - INFO - 正在爬取第20条数据....... - parse:25 parse_html
2026-06-04 15:00:12,491 - INFO - 正在爬取第21条数据....... - parse:25 parse_html
2026-06-04 15:00:12,492 - INFO - 正在爬取第22条数据....... - parse:25 parse_html
2026-06-04 15:00:12,493 - INFO - 正在爬取第23条数据....... - parse:25 parse_html
2026-06-04 15:00:12,494 - INFO - 正在爬取第24条数据....... - parse:25 parse_html
2026-06-04 15:00:12,495 - INFO - 正在爬取第25条数据....... - parse:25 parse_html
2026-06-04 15:00:12,496 - INFO - 正在爬取第26条数据....... - parse:25 parse_html
2026-06-04 15:00:12,497 - INFO - 正在爬取第27条数据....... - parse:25 parse_html
2026-06-04 15:00:12,498 - INFO - 正在爬取第28条数据....... - parse:25 parse_html
2026-06-04 15:00:12,499 - INFO - 正在爬取第29条数据....... - parse:25 parse_html
2026-06-04 15:00:12,500 - INFO - 正在爬取第30条数据....... - parse:25 parse_html
2026-06-04 15:00:12,501 - INFO - 解析成功,总共提取到690条数据 - parse:98 parse_html
2026-06-04 15:00:12,515 - INFO - 下一页的网址是https://dg.lianjia.com/ershoufang/pg24 - main:41 main
2026-06-04 15:00:12,516 - INFO - 开始爬取https://dg.lianjia.com/ershoufang/pg24 - main:21 main
2026-06-04 15:00:14,594 - INFO - 正在访问:https://dg.lianjia.com/ershoufang/pg24 - request_handler:39 fetch_page
2026-06-04 15:00:27,008 - WARNING - ⚠ 请手动完成人机验证,完成后程序自动继续! - request_handler:56 fetch_page
2026-06-04 15:00:29,833 - INFO - 验证通过 - request_handler:59 fetch_page
2026-06-04 15:00:29,875 - INFO - 正在爬取第1条数据....... - parse:25 parse_html
2026-06-04 15:00:29,876 - INFO - 正在爬取第2条数据....... - parse:25 parse_html
2026-06-04 15:00:29,877 - INFO - 正在爬取第3条数据....... - parse:25 parse_html
2026-06-04 15:00:29,878 - INFO - 正在爬取第4条数据....... - parse:25 parse_html
2026-06-04 15:00:29,879 - INFO - 正在爬取第5条数据....... - parse:25 parse_html
2026-06-04 15:00:29,880 - INFO - 正在爬取第6条数据....... - parse:25 parse_html
2026-06-04 15:00:29,880 - INFO - 正在爬取第7条数据....... - parse:25 parse_html
2026-06-04 15:00:29,881 - INFO - 正在爬取第8条数据....... - parse:25 parse_html
2026-06-04 15:00:29,882 - INFO - 正在爬取第9条数据....... - parse:25 parse_html
2026-06-04 15:00:29,882 - INFO - 正在爬取第10条数据....... - parse:25 parse_html
2026-06-04 15:00:29,883 - INFO - 正在爬取第11条数据....... - parse:25 parse_html
2026-06-04 15:00:29,884 - INFO - 正在爬取第12条数据....... - parse:25 parse_html
2026-06-04 15:00:29,885 - INFO - 正在爬取第13条数据....... - parse:25 parse_html
2026-06-04 15:00:29,886 - INFO - 正在爬取第14条数据....... - parse:25 parse_html
2026-06-04 15:00:29,887 - INFO - 正在爬取第15条数据....... - parse:25 parse_html
2026-06-04 15:00:29,888 - INFO - 正在爬取第16条数据....... - parse:25 parse_html
2026-06-04 15:00:29,888 - INFO - 正在爬取第17条数据....... - parse:25 parse_html
2026-06-04 15:00:29,889 - INFO - 正在爬取第18条数据....... - parse:25 parse_html
2026-06-04 15:00:29,890 - INFO - 正在爬取第19条数据....... - parse:25 parse_html
2026-06-04 15:00:29,890 - INFO - 正在爬取第20条数据....... - parse:25 parse_html
2026-06-04 15:00:29,891 - INFO - 正在爬取第21条数据....... - parse:25 parse_html
2026-06-04 15:00:29,892 - INFO - 正在爬取第22条数据....... - parse:25 parse_html
2026-06-04 15:00:29,893 - INFO - 正在爬取第23条数据....... - parse:25 parse_html
2026-06-04 15:00:29,893 - INFO - 正在爬取第24条数据....... - parse:25 parse_html
2026-06-04 15:00:29,894 - INFO - 正在爬取第25条数据....... - parse:25 parse_html
2026-06-04 15:00:29,895 - INFO - 正在爬取第26条数据....... - parse:25 parse_html
2026-06-04 15:00:29,895 - INFO - 正在爬取第27条数据....... - parse:25 parse_html
2026-06-04 15:00:29,896 - INFO - 正在爬取第28条数据....... - parse:25 parse_html
2026-06-04 15:00:29,897 - INFO - 正在爬取第29条数据....... - parse:25 parse_html
2026-06-04 15:00:29,898 - INFO - 正在爬取第30条数据....... - parse:25 parse_html
2026-06-04 15:00:29,898 - INFO - 解析成功,总共提取到720条数据 - parse:98 parse_html
2026-06-04 15:00:29,912 - INFO - 下一页的网址是https://dg.lianjia.com/ershoufang/pg25 - main:41 main
2026-06-04 15:00:29,913 - INFO - 开始爬取https://dg.lianjia.com/ershoufang/pg25 - main:21 main
2026-06-04 15:00:32,001 - INFO - 正在访问:https://dg.lianjia.com/ershoufang/pg25 - request_handler:39 fetch_page
2026-06-04 15:00:47,810 - INFO - 正在爬取第1条数据....... - parse:25 parse_html
2026-06-04 15:00:47,811 - INFO - 正在爬取第2条数据....... - parse:25 parse_html
2026-06-04 15:00:47,811 - INFO - 正在爬取第3条数据....... - parse:25 parse_html
2026-06-04 15:00:47,812 - INFO - 正在爬取第4条数据....... - parse:25 parse_html
2026-06-04 15:00:47,812 - INFO - 正在爬取第5条数据....... - parse:25 parse_html
2026-06-04 15:00:47,813 - INFO - 正在爬取第6条数据....... - parse:25 parse_html
2026-06-04 15:00:47,813 - INFO - 正在爬取第7条数据....... - parse:25 parse_html
2026-06-04 15:00:47,813 - INFO - 正在爬取第8条数据....... - parse:25 parse_html
2026-06-04 15:00:47,814 - INFO - 正在爬取第9条数据....... - parse:25 parse_html
2026-06-04 15:00:47,814 - INFO - 正在爬取第10条数据....... - parse:25 parse_html
2026-06-04 15:00:47,815 - INFO - 正在爬取第11条数据....... - parse:25 parse_html
2026-06-04 15:00:47,815 - INFO - 正在爬取第12条数据....... - parse:25 parse_html
2026-06-04 15:00:47,815 - INFO - 正在爬取第13条数据....... - parse:25 parse_html
2026-06-04 15:00:47,815 - INFO - 正在爬取第14条数据....... - parse:25 parse_html
2026-06-04 15:00:47,816 - INFO - 正在爬取第15条数据....... - parse:25 parse_html
2026-06-04 15:00:47,816 - INFO - 正在爬取第16条数据....... - parse:25 parse_html
2026-06-04 15:00:47,816 - INFO - 正在爬取第17条数据....... - parse:25 parse_html
2026-06-04 15:00:47,817 - INFO - 正在爬取第18条数据....... - parse:25 parse_html
2026-06-04 15:00:47,817 - INFO - 正在爬取第19条数据....... - parse:25 parse_html
2026-06-04 15:00:47,817 - INFO - 正在爬取第20条数据....... - parse:25 parse_html
2026-06-04 15:00:47,818 - INFO - 正在爬取第21条数据....... - parse:25 parse_html
2026-06-04 15:00:47,818 - INFO - 正在爬取第22条数据....... - parse:25 parse_html
2026-06-04 15:00:47,818 - INFO - 正在爬取第23条数据....... - parse:25 parse_html
2026-06-04 15:00:47,818 - INFO - 正在爬取第24条数据....... - parse:25 parse_html
2026-06-04 15:00:47,819 - INFO - 正在爬取第25条数据....... - parse:25 parse_html
2026-06-04 15:00:47,819 - INFO - 正在爬取第26条数据....... - parse:25 parse_html
2026-06-04 15:00:47,819 - INFO - 正在爬取第27条数据....... - parse:25 parse_html
2026-06-04 15:00:47,820 - INFO - 正在爬取第28条数据....... - parse:25 parse_html
2026-06-04 15:00:47,820 - INFO - 正在爬取第29条数据....... - parse:25 parse_html
2026-06-04 15:00:47,820 - INFO - 正在爬取第30条数据....... - parse:25 parse_html
2026-06-04 15:00:47,820 - INFO - 解析成功,总共提取到750条数据 - parse:98 parse_html
2026-06-04 15:00:47,827 - INFO - 下一页的网址是https://dg.lianjia.com/ershoufang/pg26 - main:41 main
2026-06-04 15:00:47,828 - INFO - 开始爬取https://dg.lianjia.com/ershoufang/pg26 - main:21 main
2026-06-04 15:00:49,535 - INFO - 正在访问:https://dg.lianjia.com/ershoufang/pg26 - request_handler:39 fetch_page
2026-06-04 15:01:07,648 - INFO - 正在爬取第1条数据....... - parse:25 parse_html
2026-06-04 15:01:07,648 - INFO - 正在爬取第2条数据....... - parse:25 parse_html
2026-06-04 15:01:07,649 - INFO - 正在爬取第3条数据....... - parse:25 parse_html
2026-06-04 15:01:07,649 - INFO - 正在爬取第4条数据....... - parse:25 parse_html
2026-06-04 15:01:07,650 - INFO - 正在爬取第5条数据....... - parse:25 parse_html
2026-06-04 15:01:07,650 - INFO - 正在爬取第6条数据....... - parse:25 parse_html
2026-06-04 15:01:07,651 - INFO - 正在爬取第7条数据....... - parse:25 parse_html
2026-06-04 15:01:07,651 - INFO - 正在爬取第8条数据....... - parse:25 parse_html
2026-06-04 15:01:07,651 - INFO - 正在爬取第9条数据....... - parse:25 parse_html
2026-06-04 15:01:07,652 - INFO - 正在爬取第10条数据....... - parse:25 parse_html
2026-06-04 15:01:07,652 - INFO - 正在爬取第11条数据....... - parse:25 parse_html
2026-06-04 15:01:07,653 - INFO - 正在爬取第12条数据....... - parse:25 parse_html
2026-06-04 15:01:07,653 - INFO - 正在爬取第13条数据....... - parse:25 parse_html
2026-06-04 15:01:07,653 - INFO - 正在爬取第14条数据....... - parse:25 parse_html
2026-06-04 15:01:07,654 - INFO - 正在爬取第15条数据....... - parse:25 parse_html
2026-06-04 15:01:07,654 - INFO - 正在爬取第16条数据....... - parse:25 parse_html
2026-06-04 15:01:07,654 - INFO - 正在爬取第17条数据....... - parse:25 parse_html
2026-06-04 15:01:07,655 - INFO - 正在爬取第18条数据....... - parse:25 parse_html
2026-06-04 15:01:07,655 - INFO - 正在爬取第19条数据....... - parse:25 parse_html
2026-06-04 15:01:07,655 - INFO - 正在爬取第20条数据....... - parse:25 parse_html
2026-06-04 15:01:07,655 - INFO - 正在爬取第21条数据....... - parse:25 parse_html
2026-06-04 15:01:07,656 - INFO - 正在爬取第22条数据....... - parse:25 parse_html
2026-06-04 15:01:07,656 - INFO - 正在爬取第23条数据....... - parse:25 parse_html
2026-06-04 15:01:07,656 - INFO - 正在爬取第24条数据....... - parse:25 parse_html
2026-06-04 15:01:07,657 - INFO - 正在爬取第25条数据....... - parse:25 parse_html
2026-06-04 15:01:07,657 - INFO - 正在爬取第26条数据....... - parse:25 parse_html
2026-06-04 15:01:07,657 - INFO - 正在爬取第27条数据....... - parse:25 parse_html
2026-06-04 15:01:07,657 - INFO - 正在爬取第28条数据....... - parse:25 parse_html
2026-06-04 15:01:07,658 - INFO - 正在爬取第29条数据....... - parse:25 parse_html
2026-06-04 15:01:07,658 - INFO - 正在爬取第30条数据....... - parse:25 parse_html
2026-06-04 15:01:07,658 - INFO - 解析成功,总共提取到780条数据 - parse:98 parse_html
2026-06-04 15:01:07,665 - INFO - 下一页的网址是https://dg.lianjia.com/ershoufang/pg27 - main:41 main
2026-06-04 15:01:07,665 - INFO - 开始爬取https://dg.lianjia.com/ershoufang/pg27 - main:21 main
2026-06-04 15:01:09,758 - INFO - 正在访问:https://dg.lianjia.com/ershoufang/pg27 - request_handler:39 fetch_page
2026-06-04 15:01:20,770 - WARNING - ⚠ 请手动完成人机验证,完成后程序自动继续! - request_handler:56 fetch_page
2026-06-04 15:01:24,071 - INFO - 验证通过 - request_handler:59 fetch_page
2026-06-04 15:01:24,114 - INFO - 正在爬取第1条数据....... - parse:25 parse_html
2026-06-04 15:01:24,114 - INFO - 正在爬取第2条数据....... - parse:25 parse_html
2026-06-04 15:01:24,115 - INFO - 正在爬取第3条数据....... - parse:25 parse_html
2026-06-04 15:01:24,116 - INFO - 正在爬取第4条数据....... - parse:25 parse_html
2026-06-04 15:01:24,116 - INFO - 正在爬取第5条数据....... - parse:25 parse_html
2026-06-04 15:01:24,116 - INFO - 正在爬取第6条数据....... - parse:25 parse_html
2026-06-04 15:01:24,117 - INFO - 正在爬取第7条数据....... - parse:25 parse_html
2026-06-04 15:01:24,118 - INFO - 正在爬取第8条数据....... - parse:25 parse_html
2026-06-04 15:01:24,119 - INFO - 正在爬取第9条数据....... - parse:25 parse_html
2026-06-04 15:01:24,119 - INFO - 正在爬取第10条数据....... - parse:25 parse_html
2026-06-04 15:01:24,120 - INFO - 正在爬取第11条数据....... - parse:25 parse_html
2026-06-04 15:01:24,120 - INFO - 正在爬取第12条数据....... - parse:25 parse_html
2026-06-04 15:01:24,120 - INFO - 正在爬取第13条数据....... - parse:25 parse_html
2026-06-04 15:01:24,121 - INFO - 正在爬取第14条数据....... - parse:25 parse_html
2026-06-04 15:01:24,127 - INFO - 正在爬取第15条数据....... - parse:25 parse_html
2026-06-04 15:01:24,127 - INFO - 正在爬取第16条数据....... - parse:25 parse_html
2026-06-04 15:01:24,127 - INFO - 正在爬取第17条数据....... - parse:25 parse_html
2026-06-04 15:01:24,128 - INFO - 正在爬取第18条数据....... - parse:25 parse_html
2026-06-04 15:01:24,128 - INFO - 正在爬取第19条数据....... - parse:25 parse_html
2026-06-04 15:01:24,128 - INFO - 正在爬取第20条数据....... - parse:25 parse_html
2026-06-04 15:01:24,129 - INFO - 正在爬取第21条数据....... - parse:25 parse_html
2026-06-04 15:01:24,129 - INFO - 正在爬取第22条数据....... - parse:25 parse_html
2026-06-04 15:01:24,129 - INFO - 正在爬取第23条数据....... - parse:25 parse_html
2026-06-04 15:01:24,130 - INFO - 正在爬取第24条数据....... - parse:25 parse_html
2026-06-04 15:01:24,130 - INFO - 正在爬取第25条数据....... - parse:25 parse_html
2026-06-04 15:01:24,130 - INFO - 正在爬取第26条数据....... - parse:25 parse_html
2026-06-04 15:01:24,131 - INFO - 正在爬取第27条数据....... - parse:25 parse_html
2026-06-04 15:01:24,131 - INFO - 正在爬取第28条数据....... - parse:25 parse_html
2026-06-04 15:01:24,132 - INFO - 正在爬取第29条数据....... - parse:25 parse_html
2026-06-04 15:01:24,132 - INFO - 正在爬取第30条数据....... - parse:25 parse_html
2026-06-04 15:01:24,133 - INFO - 解析成功,总共提取到810条数据 - parse:98 parse_html
2026-06-04 15:01:24,140 - INFO - 下一页的网址是https://dg.lianjia.com/ershoufang/pg28 - main:41 main
2026-06-04 15:01:24,140 - INFO - 开始爬取https://dg.lianjia.com/ershoufang/pg28 - main:21 main
2026-06-04 15:01:25,685 - INFO - 正在访问:https://dg.lianjia.com/ershoufang/pg28 - request_handler:39 fetch_page
2026-06-04 15:01:39,408 - INFO - 正在爬取第1条数据....... - parse:25 parse_html
2026-06-04 15:01:39,409 - INFO - 正在爬取第2条数据....... - parse:25 parse_html
2026-06-04 15:01:39,410 - INFO - 正在爬取第3条数据....... - parse:25 parse_html
2026-06-04 15:01:39,411 - INFO - 正在爬取第4条数据....... - parse:25 parse_html
2026-06-04 15:01:39,412 - INFO - 正在爬取第5条数据....... - parse:25 parse_html
2026-06-04 15:01:39,412 - INFO - 正在爬取第6条数据....... - parse:25 parse_html
2026-06-04 15:01:39,413 - INFO - 正在爬取第7条数据....... - parse:25 parse_html
2026-06-04 15:01:39,414 - INFO - 正在爬取第8条数据....... - parse:25 parse_html
2026-06-04 15:01:39,414 - INFO - 正在爬取第9条数据....... - parse:25 parse_html
2026-06-04 15:01:39,414 - INFO - 正在爬取第10条数据....... - parse:25 parse_html
2026-06-04 15:01:39,415 - INFO - 正在爬取第11条数据....... - parse:25 parse_html
2026-06-04 15:01:39,415 - INFO - 正在爬取第12条数据....... - parse:25 parse_html
2026-06-04 15:01:39,416 - INFO - 正在爬取第13条数据....... - parse:25 parse_html
2026-06-04 15:01:39,416 - INFO - 正在爬取第14条数据....... - parse:25 parse_html
2026-06-04 15:01:39,416 - INFO - 正在爬取第15条数据....... - parse:25 parse_html
2026-06-04 15:01:39,417 - INFO - 正在爬取第16条数据....... - parse:25 parse_html
2026-06-04 15:01:39,417 - INFO - 正在爬取第17条数据....... - parse:25 parse_html
2026-06-04 15:01:39,418 - INFO - 正在爬取第18条数据....... - parse:25 parse_html
2026-06-04 15:01:39,418 - INFO - 正在爬取第19条数据....... - parse:25 parse_html
2026-06-04 15:01:39,418 - INFO - 正在爬取第20条数据....... - parse:25 parse_html
2026-06-04 15:01:39,418 - INFO - 正在爬取第21条数据....... - parse:25 parse_html
2026-06-04 15:01:39,419 - INFO - 正在爬取第22条数据....... - parse:25 parse_html
2026-06-04 15:01:39,419 - INFO - 正在爬取第23条数据....... - parse:25 parse_html
2026-06-04 15:01:39,419 - INFO - 正在爬取第24条数据....... - parse:25 parse_html
2026-06-04 15:01:39,420 - INFO - 正在爬取第25条数据....... - parse:25 parse_html
2026-06-04 15:01:39,420 - INFO - 正在爬取第26条数据....... - parse:25 parse_html
2026-06-04 15:01:39,420 - INFO - 正在爬取第27条数据....... - parse:25 parse_html
2026-06-04 15:01:39,420 - INFO - 正在爬取第28条数据....... - parse:25 parse_html
2026-06-04 15:01:39,421 - INFO - 正在爬取第29条数据....... - parse:25 parse_html
2026-06-04 15:01:39,421 - INFO - 正在爬取第30条数据....... - parse:25 parse_html
2026-06-04 15:01:39,421 - INFO - 解析成功,总共提取到840条数据 - parse:98 parse_html
2026-06-04 15:01:39,428 - INFO - 下一页的网址是https://dg.lianjia.com/ershoufang/pg29 - main:41 main
2026-06-04 15:01:39,428 - INFO - 开始爬取https://dg.lianjia.com/ershoufang/pg29 - main:21 main
2026-06-04 15:01:41,542 - INFO - 正在访问:https://dg.lianjia.com/ershoufang/pg29 - request_handler:39 fetch_page
2026-06-04 15:02:02,026 - INFO - 正在爬取第1条数据....... - parse:25 parse_html
2026-06-04 15:02:02,027 - INFO - 正在爬取第2条数据....... - parse:25 parse_html
2026-06-04 15:02:02,028 - INFO - 正在爬取第3条数据....... - parse:25 parse_html
2026-06-04 15:02:02,028 - INFO - 正在爬取第4条数据....... - parse:25 parse_html
2026-06-04 15:02:02,028 - INFO - 正在爬取第5条数据....... - parse:25 parse_html
2026-06-04 15:02:02,029 - INFO - 正在爬取第6条数据....... - parse:25 parse_html
2026-06-04 15:02:02,029 - INFO - 正在爬取第7条数据....... - parse:25 parse_html
2026-06-04 15:02:02,030 - INFO - 正在爬取第8条数据....... - parse:25 parse_html
2026-06-04 15:02:02,030 - INFO - 正在爬取第9条数据....... - parse:25 parse_html
2026-06-04 15:02:02,030 - INFO - 正在爬取第10条数据....... - parse:25 parse_html
2026-06-04 15:02:02,031 - INFO - 正在爬取第11条数据....... - parse:25 parse_html
2026-06-04 15:02:02,031 - INFO - 正在爬取第12条数据....... - parse:25 parse_html
2026-06-04 15:02:02,031 - INFO - 正在爬取第13条数据....... - parse:25 parse_html
2026-06-04 15:02:02,032 - INFO - 正在爬取第14条数据....... - parse:25 parse_html
2026-06-04 15:02:02,032 - INFO - 正在爬取第15条数据....... - parse:25 parse_html
2026-06-04 15:02:02,032 - INFO - 正在爬取第16条数据....... - parse:25 parse_html
2026-06-04 15:02:02,033 - INFO - 正在爬取第17条数据....... - parse:25 parse_html
2026-06-04 15:02:02,033 - INFO - 正在爬取第18条数据....... - parse:25 parse_html
2026-06-04 15:02:02,033 - INFO - 正在爬取第19条数据....... - parse:25 parse_html
2026-06-04 15:02:02,034 - INFO - 正在爬取第20条数据....... - parse:25 parse_html
2026-06-04 15:02:02,034 - INFO - 正在爬取第21条数据....... - parse:25 parse_html
2026-06-04 15:02:02,034 - INFO - 正在爬取第22条数据....... - parse:25 parse_html
2026-06-04 15:02:02,035 - INFO - 正在爬取第23条数据....... - parse:25 parse_html
2026-06-04 15:02:02,035 - INFO - 正在爬取第24条数据....... - parse:25 parse_html
2026-06-04 15:02:02,035 - INFO - 正在爬取第25条数据....... - parse:25 parse_html
2026-06-04 15:02:02,035 - INFO - 正在爬取第26条数据....... - parse:25 parse_html
2026-06-04 15:02:02,036 - INFO - 正在爬取第27条数据....... - parse:25 parse_html
2026-06-04 15:02:02,036 - INFO - 正在爬取第28条数据....... - parse:25 parse_html
2026-06-04 15:02:02,036 - INFO - 正在爬取第29条数据....... - parse:25 parse_html
2026-06-04 15:02:02,037 - INFO - 正在爬取第30条数据....... - parse:25 parse_html
2026-06-04 15:02:02,037 - INFO - 解析成功,总共提取到870条数据 - parse:98 parse_html
2026-06-04 15:02:02,044 - INFO - 下一页的网址是https://dg.lianjia.com/ershoufang/pg30 - main:41 main
2026-06-04 15:02:02,044 - INFO - 开始爬取https://dg.lianjia.com/ershoufang/pg30 - main:21 main
2026-06-04 15:02:04,117 - INFO - 正在访问:https://dg.lianjia.com/ershoufang/pg30 - request_handler:39 fetch_page
2026-06-04 15:02:05,406 - ERROR - 访问失败:Page.goto: net::ERR_ABORTED at https://dg.lianjia.com/ershoufang/pg30
Call log:
  - navigating to "https://dg.lianjia.com/ershoufang/pg30", waiting until "load"
 - request_handler:74 fetch_page
2026-06-04 15:02:11,926 - INFO - 成功爬取到870条数据) - mysql_handler:57 save_houses
2026-06-04 15:02:12,239 - INFO - 成功导出EXCEL,存放地址为:c:\Users\36088\Desktop\code\我的项目合集\python爬虫\python_script_projects\链家二手房数据采集项目\output\result_2026-06-04.xlsx - mysql_handler:64 save_to_excel
2026-06-04 15:02:13,980 - INFO - 浏览器已关闭! - request_handler:83 close_browser
2026-06-04 15:02:13,980 - INFO - 数据库连接关闭 - main:56 main
